{"/home/pouya/Projects/clio/common.js": {"path":"/home/pouya/Projects/clio/common.js","statementMap":{"0":{"start":{"line":2,"column":12},"end":{"line":2,"column":28}},"1":{"start":{"line":6,"column":4},"end":{"line":6,"column":21}},"2":{"start":{"line":7,"column":4},"end":{"line":7,"column":21}},"3":{"start":{"line":8,"column":4},"end":{"line":8,"column":49}},"4":{"start":{"line":11,"column":4},"end":{"line":11,"column":22}},"5":{"start":{"line":12,"column":4},"end":{"line":12,"column":25}},"6":{"start":{"line":16,"column":4},"end":{"line":16,"column":18}},"7":{"start":{"line":17,"column":15},"end":{"line":17,"column":24}},"8":{"start":{"line":18,"column":4},"end":{"line":23,"column":5}},"9":{"start":{"line":19,"column":6},"end":{"line":21,"column":9}},"10":{"start":{"line":20,"column":8},"end":{"line":20,"column":97}},"11":{"start":{"line":22,"column":6},"end":{"line":22,"column":23}},"12":{"start":{"line":24,"column":18},"end":{"line":24,"column":60}},"13":{"start":{"line":25,"column":4},"end":{"line":25,"column":25}},"14":{"start":{"line":30,"column":2},"end":{"line":32,"column":3}},"15":{"start":{"line":31,"column":4},"end":{"line":31,"column":22}},"16":{"start":{"line":33,"column":2},"end":{"line":35,"column":3}},"17":{"start":{"line":34,"column":4},"end":{"line":34,"column":22}},"18":{"start":{"line":36,"column":2},"end":{"line":38,"column":3}},"19":{"start":{"line":36,"column":15},"end":{"line":36,"column":16}},"20":{"start":{"line":37,"column":4},"end":{"line":37,"column":16}},"21":{"start":{"line":39,"column":2},"end":{"line":39,"column":11}},"22":{"start":{"line":43,"column":2},"end":{"line":45,"column":3}},"23":{"start":{"line":44,"column":4},"end":{"line":44,"column":35}},"24":{"start":{"line":46,"column":2},"end":{"line":46,"column":10}},"25":{"start":{"line":50,"column":18},"end":{"line":50,"column":34}},"26":{"start":{"line":51,"column":14},"end":{"line":51,"column":16}},"27":{"start":{"line":52,"column":14},"end":{"line":52,"column":15}},"28":{"start":{"line":53,"column":26},"end":{"line":53,"column":27}},"29":{"start":{"line":55,"column":2},"end":{"line":62,"column":3}},"30":{"start":{"line":56,"column":4},"end":{"line":56,"column":29}},"31":{"start":{"line":57,"column":4},"end":{"line":57,"column":21}},"32":{"start":{"line":58,"column":4},"end":{"line":58,"column":31}},"33":{"start":{"line":59,"column":4},"end":{"line":61,"column":5}},"34":{"start":{"line":60,"column":6},"end":{"line":60,"column":32}},"35":{"start":{"line":63,"column":25},"end":{"line":63,"column":67}},"36":{"start":{"line":64,"column":14},"end":{"line":66,"column":7}},"37":{"start":{"line":65,"column":4},"end":{"line":65,"column":34}},"38":{"start":{"line":67,"column":22},"end":{"line":67,"column":34}},"39":{"start":{"line":68,"column":22},"end":{"line":68,"column":47}},"40":{"start":{"line":69,"column":22},"end":{"line":69,"column":53}},"41":{"start":{"line":72,"column":2},"end":{"line":72,"column":34}},"42":{"start":{"line":73,"column":2},"end":{"line":73,"column":32}},"43":{"start":{"line":74,"column":16},"end":{"line":74,"column":68}},"44":{"start":{"line":75,"column":2},"end":{"line":75,"column":23}},"45":{"start":{"line":76,"column":2},"end":{"line":83,"column":3}},"46":{"start":{"line":77,"column":4},"end":{"line":77,"column":36}},"47":{"start":{"line":78,"column":4},"end":{"line":78,"column":58}},"48":{"start":{"line":79,"column":4},"end":{"line":79,"column":70}},"49":{"start":{"line":80,"column":4},"end":{"line":80,"column":41}},"50":{"start":{"line":81,"column":4},"end":{"line":81,"column":71}},"51":{"start":{"line":82,"column":4},"end":{"line":82,"column":22}},"52":{"start":{"line":84,"column":12},"end":{"line":84,"column":66}},"53":{"start":{"line":85,"column":2},"end":{"line":85,"column":46}},"54":{"start":{"line":86,"column":2},"end":{"line":86,"column":46}},"55":{"start":{"line":87,"column":2},"end":{"line":87,"column":81}},"56":{"start":{"line":88,"column":2},"end":{"line":88,"column":23}},"57":{"start":{"line":89,"column":2},"end":{"line":89,"column":16}},"58":{"start":{"line":93,"column":18},"end":{"line":93,"column":34}},"59":{"start":{"line":94,"column":14},"end":{"line":94,"column":16}},"60":{"start":{"line":95,"column":14},"end":{"line":95,"column":15}},"61":{"start":{"line":97,"column":2},"end":{"line":101,"column":3}},"62":{"start":{"line":98,"column":4},"end":{"line":98,"column":29}},"63":{"start":{"line":99,"column":4},"end":{"line":99,"column":21}},"64":{"start":{"line":100,"column":4},"end":{"line":100,"column":31}},"65":{"start":{"line":102,"column":25},"end":{"line":102,"column":67}},"66":{"start":{"line":103,"column":14},"end":{"line":105,"column":7}},"67":{"start":{"line":104,"column":4},"end":{"line":104,"column":34}},"68":{"start":{"line":106,"column":22},"end":{"line":106,"column":34}},"69":{"start":{"line":107,"column":22},"end":{"line":107,"column":98}},"70":{"start":{"line":108,"column":22},"end":{"line":108,"column":53}},"71":{"start":{"line":110,"column":2},"end":{"line":110,"column":16}},"72":{"start":{"line":111,"column":2},"end":{"line":116,"column":3}},"73":{"start":{"line":112,"column":4},"end":{"line":112,"column":36}},"74":{"start":{"line":113,"column":4},"end":{"line":113,"column":58}},"75":{"start":{"line":114,"column":4},"end":{"line":114,"column":70}},"76":{"start":{"line":115,"column":4},"end":{"line":115,"column":44}},"77":{"start":{"line":117,"column":12},"end":{"line":117,"column":66}},"78":{"start":{"line":118,"column":2},"end":{"line":118,"column":83}},"79":{"start":{"line":119,"column":2},"end":{"line":119,"column":35}},"80":{"start":{"line":120,"column":2},"end":{"line":120,"column":16}},"81":{"start":{"line":124,"column":2},"end":{"line":142,"column":3}},"82":{"start":{"line":126,"column":6},"end":{"line":126,"column":15}},"83":{"start":{"line":128,"column":6},"end":{"line":128,"column":21}},"84":{"start":{"line":130,"column":6},"end":{"line":130,"column":21}},"85":{"start":{"line":132,"column":6},"end":{"line":134,"column":7}},"86":{"start":{"line":133,"column":8},"end":{"line":133,"column":23}},"87":{"start":{"line":135,"column":6},"end":{"line":135,"column":21}},"88":{"start":{"line":137,"column":6},"end":{"line":137,"column":20}},"89":{"start":{"line":139,"column":6},"end":{"line":139,"column":18}},"90":{"start":{"line":141,"column":6},"end":{"line":141,"column":19}},"91":{"start":{"line":145,"column":0},"end":{"line":145,"column":34}},"92":{"start":{"line":146,"column":0},"end":{"line":146,"column":46}},"93":{"start":{"line":147,"column":0},"end":{"line":147,"column":38}},"94":{"start":{"line":148,"column":0},"end":{"line":148,"column":36}},"95":{"start":{"line":149,"column":0},"end":{"line":149,"column":36}}},"fnMap":{"0":{"name":"(anonymous_0)","decl":{"start":{"line":5,"column":2},"end":{"line":5,"column":3}},"loc":{"start":{"line":5,"column":23},"end":{"line":9,"column":3}},"line":5},"1":{"name":"(anonymous_1)","decl":{"start":{"line":10,"column":2},"end":{"line":10,"column":3}},"loc":{"start":{"line":10,"column":9},"end":{"line":14,"column":3}},"line":10},"2":{"name":"(anonymous_2)","decl":{"start":{"line":15,"column":2},"end":{"line":15,"column":3}},"loc":{"start":{"line":15,"column":16},"end":{"line":26,"column":3}},"line":15},"3":{"name":"(anonymous_3)","decl":{"start":{"line":19,"column":30},"end":{"line":19,"column":31}},"loc":{"start":{"line":19,"column":47},"end":{"line":21,"column":7}},"line":19},"4":{"name":"extend_array","decl":{"start":{"line":29,"column":9},"end":{"line":29,"column":21}},"loc":{"start":{"line":29,"column":28},"end":{"line":40,"column":1}},"line":29},"5":{"name":"exception_handler","decl":{"start":{"line":42,"column":9},"end":{"line":42,"column":26}},"loc":{"start":{"line":42,"column":36},"end":{"line":47,"column":1}},"line":42},"6":{"name":"resolve_and_print","decl":{"start":{"line":49,"column":9},"end":{"line":49,"column":26}},"loc":{"start":{"line":49,"column":50},"end":{"line":90,"column":1}},"line":49},"7":{"name":"(anonymous_7)","decl":{"start":{"line":64,"column":27},"end":{"line":64,"column":28}},"loc":{"start":{"line":64,"column":49},"end":{"line":66,"column":3}},"line":64},"8":{"name":"throw_error","decl":{"start":{"line":92,"column":9},"end":{"line":92,"column":20}},"loc":{"start":{"line":92,"column":41},"end":{"line":121,"column":1}},"line":92},"9":{"name":"(anonymous_9)","decl":{"start":{"line":103,"column":27},"end":{"line":103,"column":28}},"loc":{"start":{"line":103,"column":49},"end":{"line":105,"column":3}},"line":103},"10":{"name":"cast_to_bool","decl":{"start":{"line":123,"column":9},"end":{"line":123,"column":21}},"loc":{"start":{"line":123,"column":25},"end":{"line":143,"column":1}},"line":123}},"branchMap":{"0":{"loc":{"start":{"line":18,"column":11},"end":{"line":18,"column":34}},"type":"binary-expr","locations":[{"start":{"line":18,"column":11},"end":{"line":18,"column":15}},{"start":{"line":18,"column":19},"end":{"line":18,"column":34}}],"line":18},"1":{"loc":{"start":{"line":30,"column":2},"end":{"line":32,"column":3}},"type":"if","locations":[{"start":{"line":30,"column":2},"end":{"line":32,"column":3}},{"start":{"line":30,"column":2},"end":{"line":32,"column":3}}],"line":30},"2":{"loc":{"start":{"line":31,"column":11},"end":{"line":31,"column":21}},"type":"cond-expr","locations":[{"start":{"line":31,"column":15},"end":{"line":31,"column":16}},{"start":{"line":31,"column":19},"end":{"line":31,"column":21}}],"line":31},"3":{"loc":{"start":{"line":33,"column":2},"end":{"line":35,"column":3}},"type":"if","locations":[{"start":{"line":33,"column":2},"end":{"line":35,"column":3}},{"start":{"line":33,"column":2},"end":{"line":35,"column":3}}],"line":33},"4":{"loc":{"start":{"line":34,"column":11},"end":{"line":34,"column":21}},"type":"cond-expr","locations":[{"start":{"line":34,"column":15},"end":{"line":34,"column":16}},{"start":{"line":34,"column":19},"end":{"line":34,"column":21}}],"line":34},"5":{"loc":{"start":{"line":43,"column":2},"end":{"line":45,"column":3}},"type":"if","locations":[{"start":{"line":43,"column":2},"end":{"line":45,"column":3}},{"start":{"line":43,"column":2},"end":{"line":45,"column":3}}],"line":43},"6":{"loc":{"start":{"line":59,"column":4},"end":{"line":61,"column":5}},"type":"if","locations":[{"start":{"line":59,"column":4},"end":{"line":61,"column":5}},{"start":{"line":59,"column":4},"end":{"line":61,"column":5}}],"line":59},"7":{"loc":{"start":{"line":124,"column":2},"end":{"line":142,"column":3}},"type":"switch","locations":[{"start":{"line":125,"column":4},"end":{"line":126,"column":15}},{"start":{"line":127,"column":4},"end":{"line":128,"column":21}},{"start":{"line":129,"column":4},"end":{"line":130,"column":21}},{"start":{"line":131,"column":4},"end":{"line":135,"column":21}},{"start":{"line":136,"column":4},"end":{"line":137,"column":20}},{"start":{"line":138,"column":4},"end":{"line":139,"column":18}},{"start":{"line":140,"column":4},"end":{"line":141,"column":19}}],"line":124},"8":{"loc":{"start":{"line":132,"column":6},"end":{"line":134,"column":7}},"type":"if","locations":[{"start":{"line":132,"column":6},"end":{"line":134,"column":7}},{"start":{"line":132,"column":6},"end":{"line":134,"column":7}}],"line":132}},"s":{"0":1,"1":0,"2":0,"3":0,"4":0,"5":0,"6":0,"7":0,"8":0,"9":0,"10":0,"11":0,"12":0,"13":0,"14":0,"15":0,"16":0,"17":0,"18":0,"19":0,"20":0,"21":0,"22":0,"23":0,"24":0,"25":0,"26":0,"27":0,"28":0,"29":0,"30":0,"31":0,"32":0,"33":0,"34":0,"35":0,"36":0,"37":0,"38":0,"39":0,"40":0,"41":0,"42":0,"43":0,"44":0,"45":0,"46":0,"47":0,"48":0,"49":0,"50":0,"51":0,"52":0,"53":0,"54":0,"55":0,"56":0,"57":0,"58":0,"59":0,"60":0,"61":0,"62":0,"63":0,"64":0,"65":0,"66":0,"67":0,"68":0,"69":0,"70":0,"71":0,"72":0,"73":0,"74":0,"75":0,"76":0,"77":0,"78":0,"79":0,"80":0,"81":0,"82":0,"83":0,"84":0,"85":0,"86":0,"87":0,"88":0,"89":0,"90":0,"91":1,"92":1,"93":1,"94":1,"95":1},"f":{"0":0,"1":0,"2":0,"3":0,"4":0,"5":0,"6":0,"7":0,"8":0,"9":0,"10":0},"b":{"0":[0,0],"1":[0,0],"2":[0,0],"3":[0,0],"4":[0,0],"5":[0,0],"6":[0,0],"7":[0,0,0,0,0,0,0],"8":[0,0]},"_coverageSchema":"43e27e138ebf9cfc5966b082cf9a028302ed4184","hash":"6ee4354d1ce0845a17863296b23be68d34a9b73d"}
,"/home/pouya/Projects/clio/evaluator/analyzer.js": {"path":"/home/pouya/Projects/clio/evaluator/analyzer.js","statementMap":{"0":{"start":{"line":1,"column":19},"end":{"line":1,"column":41}},"1":{"start":{"line":2,"column":21},"end":{"line":2,"column":54}},"2":{"start":{"line":3,"column":14},"end":{"line":3,"column":35}},"3":{"start":{"line":18,"column":4},"end":{"line":38,"column":5}},"4":{"start":{"line":20,"column":19},"end":{"line":20,"column":47}},"5":{"start":{"line":21,"column":6},"end":{"line":21,"column":27}},"6":{"start":{"line":22,"column":6},"end":{"line":22,"column":18}},"7":{"start":{"line":23,"column":11},"end":{"line":38,"column":5}},"8":{"start":{"line":24,"column":18},"end":{"line":24,"column":51}},"9":{"start":{"line":26,"column":6},"end":{"line":31,"column":7}},"10":{"start":{"line":27,"column":8},"end":{"line":30,"column":9}},"11":{"start":{"line":33,"column":22},"end":{"line":33,"column":57}},"12":{"start":{"line":34,"column":22},"end":{"line":34,"column":44}},"13":{"start":{"line":35,"column":6},"end":{"line":35,"column":54}},"14":{"start":{"line":36,"column":6},"end":{"line":36,"column":48}},"15":{"start":{"line":37,"column":6},"end":{"line":37,"column":18}},"16":{"start":{"line":39,"column":4},"end":{"line":42,"column":6}},"17":{"start":{"line":45,"column":20},"end":{"line":1069,"column":3}},"18":{"start":{"line":47,"column":17},"end":{"line":47,"column":45}},"19":{"start":{"line":48,"column":6},"end":{"line":50,"column":8}},"20":{"start":{"line":53,"column":6},"end":{"line":53,"column":44}},"21":{"start":{"line":54,"column":6},"end":{"line":56,"column":8}},"22":{"start":{"line":59,"column":6},"end":{"line":61,"column":8}},"23":{"start":{"line":64,"column":6},"end":{"line":66,"column":8}},"24":{"start":{"line":86,"column":18},"end":{"line":86,"column":51}},"25":{"start":{"line":87,"column":17},"end":{"line":87,"column":89}},"26":{"start":{"line":88,"column":17},"end":{"line":88,"column":38}},"27":{"start":{"line":89,"column":6},"end":{"line":89,"column":95}},"28":{"start":{"line":90,"column":6},"end":{"line":92,"column":8}},"29":{"start":{"line":95,"column":6},"end":{"line":97,"column":8}},"30":{"start":{"line":100,"column":6},"end":{"line":102,"column":8}},"31":{"start":{"line":105,"column":6},"end":{"line":105,"column":48}},"32":{"start":{"line":108,"column":6},"end":{"line":108,"column":68}},"33":{"start":{"line":111,"column":18},"end":{"line":111,"column":46}},"34":{"start":{"line":112,"column":6},"end":{"line":114,"column":8}},"35":{"start":{"line":117,"column":19},"end":{"line":117,"column":39}},"36":{"start":{"line":118,"column":17},"end":{"line":118,"column":31}},"37":{"start":{"line":119,"column":18},"end":{"line":119,"column":32}},"38":{"start":{"line":120,"column":16},"end":{"line":120,"column":25}},"39":{"start":{"line":121,"column":6},"end":{"line":123,"column":8}},"40":{"start":{"line":126,"column":6},"end":{"line":126,"column":37}},"41":{"start":{"line":129,"column":6},"end":{"line":129,"column":37}},"42":{"start":{"line":132,"column":6},"end":{"line":132,"column":18}},"43":{"start":{"line":135,"column":6},"end":{"line":135,"column":18}},"44":{"start":{"line":138,"column":6},"end":{"line":138,"column":17}},"45":{"start":{"line":141,"column":18},"end":{"line":143,"column":19}},"46":{"start":{"line":142,"column":8},"end":{"line":142,"column":35}},"47":{"start":{"line":144,"column":17},"end":{"line":144,"column":29}},"48":{"start":{"line":145,"column":6},"end":{"line":151,"column":8}},"49":{"start":{"line":156,"column":18},"end":{"line":156,"column":20}},"50":{"start":{"line":158,"column":6},"end":{"line":162,"column":7}},"51":{"start":{"line":158,"column":19},"end":{"line":158,"column":20}},"52":{"start":{"line":159,"column":8},"end":{"line":159,"column":40}},"53":{"start":{"line":160,"column":8},"end":{"line":160,"column":42}},"54":{"start":{"line":161,"column":8},"end":{"line":161,"column":47}},"55":{"start":{"line":163,"column":17},"end":{"line":163,"column":33}},"56":{"start":{"line":164,"column":6},"end":{"line":164,"column":25}},"57":{"start":{"line":165,"column":6},"end":{"line":167,"column":8}},"58":{"start":{"line":170,"column":18},"end":{"line":170,"column":102}},"59":{"start":{"line":171,"column":16},"end":{"line":171,"column":91}},"60":{"start":{"line":173,"column":18},"end":{"line":173,"column":37}},"61":{"start":{"line":174,"column":16},"end":{"line":174,"column":33}},"62":{"start":{"line":175,"column":17},"end":{"line":175,"column":97}},"63":{"start":{"line":177,"column":6},"end":{"line":183,"column":8}},"64":{"start":{"line":186,"column":18},"end":{"line":186,"column":102}},"65":{"start":{"line":187,"column":16},"end":{"line":187,"column":86}},"66":{"start":{"line":188,"column":17},"end":{"line":188,"column":31}},"67":{"start":{"line":189,"column":18},"end":{"line":189,"column":37}},"68":{"start":{"line":190,"column":16},"end":{"line":190,"column":33}},"69":{"start":{"line":191,"column":17},"end":{"line":191,"column":35}},"70":{"start":{"line":192,"column":6},"end":{"line":198,"column":8}},"71":{"start":{"line":201,"column":17},"end":{"line":201,"column":45}},"72":{"start":{"line":202,"column":20},"end":{"line":202,"column":37}},"73":{"start":{"line":203,"column":18},"end":{"line":203,"column":31}},"74":{"start":{"line":204,"column":20},"end":{"line":204,"column":34}},"75":{"start":{"line":205,"column":20},"end":{"line":205,"column":64}},"76":{"start":{"line":205,"column":46},"end":{"line":205,"column":52}},"77":{"start":{"line":206,"column":6},"end":{"line":208,"column":8}},"78":{"start":{"line":211,"column":6},"end":{"line":211,"column":22}},"79":{"start":{"line":214,"column":19},"end":{"line":214,"column":39}},"80":{"start":{"line":215,"column":17},"end":{"line":215,"column":26}},"81":{"start":{"line":216,"column":18},"end":{"line":216,"column":27}},"82":{"start":{"line":217,"column":16},"end":{"line":217,"column":25}},"83":{"start":{"line":218,"column":20},"end":{"line":224,"column":7}},"84":{"start":{"line":225,"column":17},"end":{"line":225,"column":27}},"85":{"start":{"line":226,"column":6},"end":{"line":228,"column":7}},"86":{"start":{"line":231,"column":28},"end":{"line":231,"column":67}},"87":{"start":{"line":231,"column":61},"end":{"line":231,"column":66}},"88":{"start":{"line":232,"column":17},"end":{"line":232,"column":62}},"89":{"start":{"line":233,"column":6},"end":{"line":250,"column":7}},"90":{"start":{"line":234,"column":19},"end":{"line":239,"column":22}},"91":{"start":{"line":235,"column":10},"end":{"line":238,"column":45}},"92":{"start":{"line":240,"column":13},"end":{"line":250,"column":7}},"93":{"start":{"line":241,"column":19},"end":{"line":246,"column":22}},"94":{"start":{"line":242,"column":10},"end":{"line":245,"column":45}},"95":{"start":{"line":248,"column":42},"end":{"line":248,"column":87}},"96":{"start":{"line":248,"column":67},"end":{"line":248,"column":75}},"97":{"start":{"line":249,"column":19},"end":{"line":249,"column":115}},"98":{"start":{"line":251,"column":6},"end":{"line":251,"column":26}},"99":{"start":{"line":254,"column":20},"end":{"line":256,"column":8}},"100":{"start":{"line":255,"column":8},"end":{"line":255,"column":80}},"101":{"start":{"line":257,"column":6},"end":{"line":259,"column":8}},"102":{"start":{"line":262,"column":6},"end":{"line":262,"column":37}},"103":{"start":{"line":265,"column":6},"end":{"line":265,"column":52}},"104":{"start":{"line":266,"column":6},"end":{"line":266,"column":27}},"105":{"start":{"line":267,"column":6},"end":{"line":270,"column":7}},"106":{"start":{"line":271,"column":22},"end":{"line":271,"column":40}},"107":{"start":{"line":272,"column":6},"end":{"line":274,"column":7}},"108":{"start":{"line":290,"column":6},"end":{"line":290,"column":52}},"109":{"start":{"line":291,"column":6},"end":{"line":291,"column":27}},"110":{"start":{"line":292,"column":22},"end":{"line":292,"column":40}},"111":{"start":{"line":293,"column":6},"end":{"line":296,"column":7}},"112":{"start":{"line":299,"column":18},"end":{"line":299,"column":35}},"113":{"start":{"line":300,"column":16},"end":{"line":300,"column":33}},"114":{"start":{"line":301,"column":17},"end":{"line":304,"column":8}},"115":{"start":{"line":305,"column":17},"end":{"line":305,"column":26}},"116":{"start":{"line":306,"column":6},"end":{"line":313,"column":7}},"117":{"start":{"line":307,"column":8},"end":{"line":307,"column":54}},"118":{"start":{"line":308,"column":8},"end":{"line":308,"column":22}},"119":{"start":{"line":309,"column":19},"end":{"line":309,"column":46}},"120":{"start":{"line":310,"column":19},"end":{"line":310,"column":50}},"121":{"start":{"line":310,"column":43},"end":{"line":310,"column":49}},"122":{"start":{"line":311,"column":8},"end":{"line":311,"column":31}},"123":{"start":{"line":312,"column":8},"end":{"line":312,"column":84}},"124":{"start":{"line":314,"column":6},"end":{"line":317,"column":8}},"125":{"start":{"line":320,"column":6},"end":{"line":320,"column":52}},"126":{"start":{"line":321,"column":20},"end":{"line":321,"column":40}},"127":{"start":{"line":322,"column":6},"end":{"line":322,"column":27}},"128":{"start":{"line":323,"column":22},"end":{"line":323,"column":40}},"129":{"start":{"line":324,"column":6},"end":{"line":328,"column":7}},"130":{"start":{"line":331,"column":18},"end":{"line":331,"column":35}},"131":{"start":{"line":332,"column":16},"end":{"line":332,"column":33}},"132":{"start":{"line":333,"column":17},"end":{"line":336,"column":8}},"133":{"start":{"line":337,"column":17},"end":{"line":337,"column":26}},"134":{"start":{"line":338,"column":6},"end":{"line":345,"column":7}},"135":{"start":{"line":339,"column":8},"end":{"line":339,"column":54}},"136":{"start":{"line":340,"column":8},"end":{"line":340,"column":22}},"137":{"start":{"line":341,"column":19},"end":{"line":341,"column":46}},"138":{"start":{"line":342,"column":19},"end":{"line":342,"column":50}},"139":{"start":{"line":342,"column":43},"end":{"line":342,"column":49}},"140":{"start":{"line":343,"column":8},"end":{"line":343,"column":31}},"141":{"start":{"line":344,"column":8},"end":{"line":344,"column":84}},"142":{"start":{"line":346,"column":6},"end":{"line":349,"column":8}},"143":{"start":{"line":352,"column":22},"end":{"line":352,"column":46}},"144":{"start":{"line":353,"column":6},"end":{"line":353,"column":54}},"145":{"start":{"line":354,"column":6},"end":{"line":354,"column":32}},"146":{"start":{"line":355,"column":6},"end":{"line":360,"column":7}},"147":{"start":{"line":356,"column":20},"end":{"line":356,"column":63}},"148":{"start":{"line":357,"column":8},"end":{"line":357,"column":87}},"149":{"start":{"line":359,"column":20},"end":{"line":359,"column":23}},"150":{"start":{"line":361,"column":6},"end":{"line":364,"column":7}},"151":{"start":{"line":365,"column":22},"end":{"line":365,"column":45}},"152":{"start":{"line":366,"column":6},"end":{"line":368,"column":7}},"153":{"start":{"line":371,"column":22},"end":{"line":371,"column":36}},"154":{"start":{"line":372,"column":6},"end":{"line":372,"column":54}},"155":{"start":{"line":373,"column":6},"end":{"line":373,"column":32}},"156":{"start":{"line":374,"column":6},"end":{"line":379,"column":7}},"157":{"start":{"line":375,"column":20},"end":{"line":375,"column":63}},"158":{"start":{"line":376,"column":8},"end":{"line":376,"column":87}},"159":{"start":{"line":378,"column":20},"end":{"line":378,"column":23}},"160":{"start":{"line":380,"column":6},"end":{"line":392,"column":7}},"161":{"start":{"line":382,"column":19},"end":{"line":382,"column":38}},"162":{"start":{"line":383,"column":17},"end":{"line":383,"column":36}},"163":{"start":{"line":384,"column":19},"end":{"line":390,"column":9}},"164":{"start":{"line":391,"column":8},"end":{"line":391,"column":35}},"165":{"start":{"line":393,"column":6},"end":{"line":396,"column":7}},"166":{"start":{"line":397,"column":22},"end":{"line":397,"column":45}},"167":{"start":{"line":398,"column":6},"end":{"line":400,"column":7}},"168":{"start":{"line":403,"column":19},"end":{"line":403,"column":39}},"169":{"start":{"line":404,"column":17},"end":{"line":404,"column":19}},"170":{"start":{"line":405,"column":27},"end":{"line":407,"column":112}},"171":{"start":{"line":408,"column":14},"end":{"line":408,"column":15}},"172":{"start":{"line":409,"column":6},"end":{"line":411,"column":7}},"173":{"start":{"line":410,"column":8},"end":{"line":410,"column":34}},"174":{"start":{"line":412,"column":6},"end":{"line":412,"column":46}},"175":{"start":{"line":412,"column":27},"end":{"line":412,"column":33}},"176":{"start":{"line":413,"column":17},"end":{"line":413,"column":26}},"177":{"start":{"line":414,"column":22},"end":{"line":414,"column":24}},"178":{"start":{"line":415,"column":6},"end":{"line":436,"column":8}},"179":{"start":{"line":416,"column":8},"end":{"line":435,"column":9}},"180":{"start":{"line":417,"column":10},"end":{"line":417,"column":50}},"181":{"start":{"line":418,"column":10},"end":{"line":418,"column":37}},"182":{"start":{"line":419,"column":15},"end":{"line":435,"column":9}},"183":{"start":{"line":420,"column":10},"end":{"line":420,"column":67}},"184":{"start":{"line":421,"column":15},"end":{"line":435,"column":9}},"185":{"start":{"line":422,"column":10},"end":{"line":422,"column":41}},"186":{"start":{"line":423,"column":15},"end":{"line":435,"column":9}},"187":{"start":{"line":424,"column":10},"end":{"line":424,"column":141}},"188":{"start":{"line":425,"column":15},"end":{"line":435,"column":9}},"189":{"start":{"line":426,"column":10},"end":{"line":426,"column":124}},"190":{"start":{"line":427,"column":15},"end":{"line":435,"column":9}},"191":{"start":{"line":428,"column":10},"end":{"line":428,"column":127}},"192":{"start":{"line":429,"column":15},"end":{"line":435,"column":9}},"193":{"start":{"line":430,"column":10},"end":{"line":430,"column":122}},"194":{"start":{"line":431,"column":15},"end":{"line":435,"column":9}},"195":{"start":{"line":432,"column":10},"end":{"line":432,"column":123}},"196":{"start":{"line":434,"column":10},"end":{"line":434,"column":141}},"197":{"start":{"line":437,"column":6},"end":{"line":440,"column":8}},"198":{"start":{"line":443,"column":16},"end":{"line":443,"column":39}},"199":{"start":{"line":444,"column":6},"end":{"line":447,"column":8}},"200":{"start":{"line":450,"column":6},"end":{"line":465,"column":7}},"201":{"start":{"line":451,"column":23},"end":{"line":451,"column":50}},"202":{"start":{"line":452,"column":13},"end":{"line":465,"column":7}},"203":{"start":{"line":453,"column":21},"end":{"line":459,"column":10}},"204":{"start":{"line":454,"column":10},"end":{"line":454,"column":52}},"205":{"start":{"line":455,"column":10},"end":{"line":457,"column":11}},"206":{"start":{"line":456,"column":12},"end":{"line":456,"column":30}},"207":{"start":{"line":458,"column":10},"end":{"line":458,"column":27}},"208":{"start":{"line":460,"column":20},"end":{"line":460,"column":34}},"209":{"start":{"line":461,"column":19},"end":{"line":461,"column":33}},"210":{"start":{"line":462,"column":8},"end":{"line":464,"column":10}},"211":{"start":{"line":463,"column":10},"end":{"line":463,"column":42}},"212":{"start":{"line":466,"column":6},"end":{"line":469,"column":8}},"213":{"start":{"line":472,"column":17},"end":{"line":472,"column":31}},"214":{"start":{"line":473,"column":15},"end":{"line":473,"column":23}},"215":{"start":{"line":474,"column":20},"end":{"line":474,"column":30}},"216":{"start":{"line":475,"column":6},"end":{"line":475,"column":32}},"217":{"start":{"line":476,"column":17},"end":{"line":476,"column":63}},"218":{"start":{"line":476,"column":56},"end":{"line":476,"column":62}},"219":{"start":{"line":477,"column":17},"end":{"line":477,"column":39}},"220":{"start":{"line":478,"column":6},"end":{"line":482,"column":8}},"221":{"start":{"line":485,"column":17},"end":{"line":485,"column":31}},"222":{"start":{"line":486,"column":15},"end":{"line":486,"column":23}},"223":{"start":{"line":487,"column":20},"end":{"line":487,"column":30}},"224":{"start":{"line":488,"column":6},"end":{"line":488,"column":32}},"225":{"start":{"line":489,"column":17},"end":{"line":489,"column":21}},"226":{"start":{"line":490,"column":6},"end":{"line":494,"column":8}},"227":{"start":{"line":497,"column":17},"end":{"line":497,"column":31}},"228":{"start":{"line":498,"column":15},"end":{"line":498,"column":23}},"229":{"start":{"line":499,"column":20},"end":{"line":499,"column":30}},"230":{"start":{"line":500,"column":6},"end":{"line":500,"column":32}},"231":{"start":{"line":501,"column":17},"end":{"line":501,"column":63}},"232":{"start":{"line":501,"column":56},"end":{"line":501,"column":62}},"233":{"start":{"line":502,"column":17},"end":{"line":502,"column":39}},"234":{"start":{"line":503,"column":6},"end":{"line":508,"column":8}},"235":{"start":{"line":511,"column":17},"end":{"line":511,"column":31}},"236":{"start":{"line":512,"column":15},"end":{"line":512,"column":23}},"237":{"start":{"line":513,"column":20},"end":{"line":513,"column":30}},"238":{"start":{"line":514,"column":6},"end":{"line":514,"column":32}},"239":{"start":{"line":515,"column":17},"end":{"line":515,"column":21}},"240":{"start":{"line":516,"column":6},"end":{"line":521,"column":8}},"241":{"start":{"line":524,"column":17},"end":{"line":524,"column":35}},"242":{"start":{"line":525,"column":6},"end":{"line":527,"column":8}},"243":{"start":{"line":530,"column":16},"end":{"line":530,"column":34}},"244":{"start":{"line":531,"column":17},"end":{"line":531,"column":31}},"245":{"start":{"line":532,"column":18},"end":{"line":535,"column":7}},"246":{"start":{"line":536,"column":17},"end":{"line":543,"column":7}},"247":{"start":{"line":544,"column":6},"end":{"line":544,"column":35}},"248":{"start":{"line":545,"column":6},"end":{"line":548,"column":8}},"249":{"start":{"line":551,"column":6},"end":{"line":551,"column":36}},"250":{"start":{"line":554,"column":18},"end":{"line":556,"column":7}},"251":{"start":{"line":557,"column":17},"end":{"line":557,"column":50}},"252":{"start":{"line":558,"column":15},"end":{"line":558,"column":48}},"253":{"start":{"line":559,"column":18},"end":{"line":559,"column":51}},"254":{"start":{"line":560,"column":6},"end":{"line":563,"column":8}},"255":{"start":{"line":566,"column":17},"end":{"line":566,"column":43}},"256":{"start":{"line":567,"column":17},"end":{"line":567,"column":19}},"257":{"start":{"line":568,"column":6},"end":{"line":575,"column":7}},"258":{"start":{"line":569,"column":8},"end":{"line":569,"column":41}},"259":{"start":{"line":570,"column":8},"end":{"line":570,"column":22}},"260":{"start":{"line":571,"column":19},"end":{"line":571,"column":46}},"261":{"start":{"line":572,"column":19},"end":{"line":572,"column":50}},"262":{"start":{"line":572,"column":43},"end":{"line":572,"column":49}},"263":{"start":{"line":573,"column":8},"end":{"line":573,"column":30}},"264":{"start":{"line":574,"column":8},"end":{"line":574,"column":109}},"265":{"start":{"line":576,"column":6},"end":{"line":576,"column":30}},"266":{"start":{"line":577,"column":6},"end":{"line":577,"column":30}},"267":{"start":{"line":578,"column":6},"end":{"line":580,"column":8}},"268":{"start":{"line":583,"column":17},"end":{"line":583,"column":43}},"269":{"start":{"line":584,"column":17},"end":{"line":584,"column":19}},"270":{"start":{"line":585,"column":6},"end":{"line":592,"column":7}},"271":{"start":{"line":586,"column":8},"end":{"line":586,"column":41}},"272":{"start":{"line":587,"column":8},"end":{"line":587,"column":22}},"273":{"start":{"line":588,"column":19},"end":{"line":588,"column":46}},"274":{"start":{"line":589,"column":19},"end":{"line":589,"column":50}},"275":{"start":{"line":589,"column":43},"end":{"line":589,"column":49}},"276":{"start":{"line":590,"column":8},"end":{"line":590,"column":30}},"277":{"start":{"line":591,"column":8},"end":{"line":591,"column":109}},"278":{"start":{"line":593,"column":6},"end":{"line":593,"column":30}},"279":{"start":{"line":594,"column":6},"end":{"line":594,"column":30}},"280":{"start":{"line":595,"column":6},"end":{"line":597,"column":8}},"281":{"start":{"line":600,"column":17},"end":{"line":600,"column":43}},"282":{"start":{"line":601,"column":17},"end":{"line":601,"column":19}},"283":{"start":{"line":602,"column":6},"end":{"line":609,"column":7}},"284":{"start":{"line":603,"column":8},"end":{"line":603,"column":41}},"285":{"start":{"line":604,"column":8},"end":{"line":604,"column":22}},"286":{"start":{"line":605,"column":19},"end":{"line":605,"column":46}},"287":{"start":{"line":606,"column":19},"end":{"line":606,"column":50}},"288":{"start":{"line":606,"column":43},"end":{"line":606,"column":49}},"289":{"start":{"line":607,"column":8},"end":{"line":607,"column":30}},"290":{"start":{"line":608,"column":8},"end":{"line":608,"column":109}},"291":{"start":{"line":610,"column":6},"end":{"line":610,"column":30}},"292":{"start":{"line":611,"column":6},"end":{"line":611,"column":30}},"293":{"start":{"line":612,"column":6},"end":{"line":614,"column":8}},"294":{"start":{"line":617,"column":17},"end":{"line":617,"column":43}},"295":{"start":{"line":618,"column":17},"end":{"line":618,"column":19}},"296":{"start":{"line":619,"column":6},"end":{"line":626,"column":7}},"297":{"start":{"line":620,"column":8},"end":{"line":620,"column":41}},"298":{"start":{"line":621,"column":8},"end":{"line":621,"column":22}},"299":{"start":{"line":622,"column":19},"end":{"line":622,"column":46}},"300":{"start":{"line":623,"column":19},"end":{"line":623,"column":50}},"301":{"start":{"line":623,"column":43},"end":{"line":623,"column":49}},"302":{"start":{"line":624,"column":8},"end":{"line":624,"column":30}},"303":{"start":{"line":625,"column":8},"end":{"line":625,"column":109}},"304":{"start":{"line":627,"column":6},"end":{"line":627,"column":30}},"305":{"start":{"line":628,"column":6},"end":{"line":628,"column":30}},"306":{"start":{"line":629,"column":6},"end":{"line":631,"column":8}},"307":{"start":{"line":634,"column":22},"end":{"line":634,"column":40}},"308":{"start":{"line":635,"column":6},"end":{"line":635,"column":27}},"309":{"start":{"line":636,"column":6},"end":{"line":636,"column":34}},"310":{"start":{"line":637,"column":18},"end":{"line":637,"column":35}},"311":{"start":{"line":638,"column":24},"end":{"line":649,"column":7}},"312":{"start":{"line":650,"column":6},"end":{"line":650,"column":37}},"313":{"start":{"line":651,"column":6},"end":{"line":651,"column":55}},"314":{"start":{"line":652,"column":6},"end":{"line":652,"column":54}},"315":{"start":{"line":653,"column":6},"end":{"line":653,"column":30}},"316":{"start":{"line":654,"column":17},"end":{"line":654,"column":30}},"317":{"start":{"line":655,"column":17},"end":{"line":661,"column":16}},"318":{"start":{"line":662,"column":6},"end":{"line":664,"column":8}},"319":{"start":{"line":667,"column":18},"end":{"line":667,"column":42}},"320":{"start":{"line":668,"column":28},"end":{"line":668,"column":52}},"321":{"start":{"line":669,"column":6},"end":{"line":669,"column":34}},"322":{"start":{"line":670,"column":23},"end":{"line":670,"column":25}},"323":{"start":{"line":671,"column":18},"end":{"line":676,"column":20}},"324":{"start":{"line":672,"column":8},"end":{"line":674,"column":9}},"325":{"start":{"line":673,"column":10},"end":{"line":673,"column":49}},"326":{"start":{"line":673,"column":30},"end":{"line":673,"column":48}},"327":{"start":{"line":675,"column":8},"end":{"line":675,"column":22}},"328":{"start":{"line":681,"column":17},"end":{"line":681,"column":40}},"329":{"start":{"line":682,"column":17},"end":{"line":682,"column":55}},"330":{"start":{"line":682,"column":38},"end":{"line":682,"column":43}},"331":{"start":{"line":683,"column":22},"end":{"line":683,"column":67}},"332":{"start":{"line":683,"column":43},"end":{"line":683,"column":55}},"333":{"start":{"line":684,"column":6},"end":{"line":701,"column":7}},"334":{"start":{"line":685,"column":8},"end":{"line":700,"column":10}},"335":{"start":{"line":702,"column":6},"end":{"line":720,"column":8}},"336":{"start":{"line":723,"column":18},"end":{"line":723,"column":42}},"337":{"start":{"line":724,"column":17},"end":{"line":724,"column":34}},"338":{"start":{"line":725,"column":6},"end":{"line":729,"column":7}},"339":{"start":{"line":726,"column":8},"end":{"line":726,"column":32}},"340":{"start":{"line":728,"column":8},"end":{"line":728,"column":49}},"341":{"start":{"line":728,"column":36},"end":{"line":728,"column":48}},"342":{"start":{"line":730,"column":28},"end":{"line":730,"column":52}},"343":{"start":{"line":731,"column":6},"end":{"line":731,"column":34}},"344":{"start":{"line":732,"column":23},"end":{"line":732,"column":25}},"345":{"start":{"line":733,"column":18},"end":{"line":738,"column":20}},"346":{"start":{"line":734,"column":8},"end":{"line":736,"column":9}},"347":{"start":{"line":735,"column":10},"end":{"line":735,"column":49}},"348":{"start":{"line":735,"column":30},"end":{"line":735,"column":48}},"349":{"start":{"line":737,"column":8},"end":{"line":737,"column":22}},"350":{"start":{"line":739,"column":17},"end":{"line":739,"column":40}},"351":{"start":{"line":740,"column":17},"end":{"line":740,"column":55}},"352":{"start":{"line":740,"column":38},"end":{"line":740,"column":43}},"353":{"start":{"line":741,"column":22},"end":{"line":741,"column":67}},"354":{"start":{"line":741,"column":43},"end":{"line":741,"column":55}},"355":{"start":{"line":742,"column":6},"end":{"line":761,"column":8}},"356":{"start":{"line":764,"column":18},"end":{"line":764,"column":42}},"357":{"start":{"line":765,"column":28},"end":{"line":765,"column":52}},"358":{"start":{"line":766,"column":6},"end":{"line":766,"column":34}},"359":{"start":{"line":767,"column":23},"end":{"line":767,"column":25}},"360":{"start":{"line":768,"column":18},"end":{"line":773,"column":20}},"361":{"start":{"line":769,"column":8},"end":{"line":771,"column":9}},"362":{"start":{"line":770,"column":10},"end":{"line":770,"column":49}},"363":{"start":{"line":770,"column":30},"end":{"line":770,"column":48}},"364":{"start":{"line":772,"column":8},"end":{"line":772,"column":22}},"365":{"start":{"line":774,"column":17},"end":{"line":774,"column":40}},"366":{"start":{"line":776,"column":21},"end":{"line":776,"column":52}},"367":{"start":{"line":777,"column":17},"end":{"line":777,"column":55}},"368":{"start":{"line":777,"column":38},"end":{"line":777,"column":43}},"369":{"start":{"line":778,"column":22},"end":{"line":778,"column":82}},"370":{"start":{"line":778,"column":57},"end":{"line":778,"column":69}},"371":{"start":{"line":779,"column":6},"end":{"line":798,"column":8}},"372":{"start":{"line":801,"column":18},"end":{"line":801,"column":42}},"373":{"start":{"line":802,"column":28},"end":{"line":802,"column":52}},"374":{"start":{"line":803,"column":6},"end":{"line":803,"column":34}},"375":{"start":{"line":804,"column":23},"end":{"line":804,"column":25}},"376":{"start":{"line":805,"column":18},"end":{"line":810,"column":20}},"377":{"start":{"line":806,"column":8},"end":{"line":808,"column":9}},"378":{"start":{"line":807,"column":10},"end":{"line":807,"column":49}},"379":{"start":{"line":807,"column":30},"end":{"line":807,"column":48}},"380":{"start":{"line":809,"column":8},"end":{"line":809,"column":22}},"381":{"start":{"line":811,"column":17},"end":{"line":811,"column":40}},"382":{"start":{"line":813,"column":16},"end":{"line":813,"column":47}},"383":{"start":{"line":814,"column":17},"end":{"line":814,"column":34}},"384":{"start":{"line":815,"column":6},"end":{"line":819,"column":7}},"385":{"start":{"line":816,"column":8},"end":{"line":816,"column":25}},"386":{"start":{"line":818,"column":8},"end":{"line":818,"column":42}},"387":{"start":{"line":818,"column":36},"end":{"line":818,"column":41}},"388":{"start":{"line":820,"column":21},"end":{"line":820,"column":65}},"389":{"start":{"line":820,"column":45},"end":{"line":820,"column":53}},"390":{"start":{"line":821,"column":17},"end":{"line":821,"column":55}},"391":{"start":{"line":821,"column":38},"end":{"line":821,"column":43}},"392":{"start":{"line":822,"column":22},"end":{"line":822,"column":82}},"393":{"start":{"line":822,"column":57},"end":{"line":822,"column":69}},"394":{"start":{"line":823,"column":6},"end":{"line":842,"column":8}},"395":{"start":{"line":845,"column":6},"end":{"line":845,"column":52}},"396":{"start":{"line":846,"column":6},"end":{"line":846,"column":28}},"397":{"start":{"line":847,"column":22},"end":{"line":847,"column":40}},"398":{"start":{"line":848,"column":6},"end":{"line":851,"column":7}},"399":{"start":{"line":854,"column":6},"end":{"line":854,"column":52}},"400":{"start":{"line":855,"column":6},"end":{"line":855,"column":28}},"401":{"start":{"line":856,"column":22},"end":{"line":856,"column":40}},"402":{"start":{"line":857,"column":6},"end":{"line":860,"column":7}},"403":{"start":{"line":863,"column":18},"end":{"line":863,"column":42}},"404":{"start":{"line":864,"column":28},"end":{"line":864,"column":52}},"405":{"start":{"line":865,"column":6},"end":{"line":865,"column":34}},"406":{"start":{"line":866,"column":23},"end":{"line":866,"column":25}},"407":{"start":{"line":867,"column":18},"end":{"line":872,"column":20}},"408":{"start":{"line":868,"column":8},"end":{"line":870,"column":9}},"409":{"start":{"line":869,"column":10},"end":{"line":869,"column":49}},"410":{"start":{"line":869,"column":30},"end":{"line":869,"column":48}},"411":{"start":{"line":871,"column":8},"end":{"line":871,"column":22}},"412":{"start":{"line":877,"column":17},"end":{"line":877,"column":40}},"413":{"start":{"line":878,"column":17},"end":{"line":878,"column":55}},"414":{"start":{"line":878,"column":38},"end":{"line":878,"column":43}},"415":{"start":{"line":879,"column":22},"end":{"line":879,"column":67}},"416":{"start":{"line":879,"column":43},"end":{"line":879,"column":55}},"417":{"start":{"line":880,"column":6},"end":{"line":892,"column":7}},"418":{"start":{"line":881,"column":8},"end":{"line":891,"column":10}},"419":{"start":{"line":893,"column":6},"end":{"line":903,"column":8}},"420":{"start":{"line":906,"column":6},"end":{"line":912,"column":8}},"421":{"start":{"line":915,"column":24},"end":{"line":915,"column":38}},"422":{"start":{"line":916,"column":19},"end":{"line":916,"column":37}},"423":{"start":{"line":918,"column":6},"end":{"line":920,"column":7}},"424":{"start":{"line":919,"column":8},"end":{"line":919,"column":38}},"425":{"start":{"line":923,"column":8},"end":{"line":966,"column":9}},"426":{"start":{"line":924,"column":10},"end":{"line":924,"column":60}},"427":{"start":{"line":925,"column":10},"end":{"line":925,"column":32}},"428":{"start":{"line":926,"column":15},"end":{"line":966,"column":9}},"429":{"start":{"line":927,"column":10},"end":{"line":927,"column":31}},"430":{"start":{"line":928,"column":10},"end":{"line":934,"column":11}},"431":{"start":{"line":935,"column":15},"end":{"line":966,"column":9}},"432":{"start":{"line":936,"column":10},"end":{"line":936,"column":37}},"433":{"start":{"line":937,"column":10},"end":{"line":943,"column":11}},"434":{"start":{"line":944,"column":15},"end":{"line":966,"column":9}},"435":{"start":{"line":946,"column":21},"end":{"line":946,"column":35}},"436":{"start":{"line":947,"column":10},"end":{"line":956,"column":11}},"437":{"start":{"line":948,"column":12},"end":{"line":948,"column":42}},"438":{"start":{"line":949,"column":17},"end":{"line":956,"column":11}},"439":{"start":{"line":950,"column":12},"end":{"line":953,"column":13}},"440":{"start":{"line":957,"column":10},"end":{"line":957,"column":60}},"441":{"start":{"line":958,"column":15},"end":{"line":966,"column":9}},"442":{"start":{"line":960,"column":21},"end":{"line":960,"column":35}},"443":{"start":{"line":961,"column":10},"end":{"line":965,"column":11}},"444":{"start":{"line":962,"column":12},"end":{"line":962,"column":45}},"445":{"start":{"line":967,"column":8},"end":{"line":967,"column":20}},"446":{"start":{"line":970,"column":6},"end":{"line":973,"column":9}},"447":{"start":{"line":971,"column":8},"end":{"line":971,"column":61}},"448":{"start":{"line":972,"column":8},"end":{"line":972,"column":25}},"449":{"start":{"line":975,"column":6},"end":{"line":977,"column":7}},"450":{"start":{"line":976,"column":8},"end":{"line":976,"column":36}},"451":{"start":{"line":979,"column":20},"end":{"line":994,"column":7}},"452":{"start":{"line":996,"column":17},"end":{"line":996,"column":38}},"453":{"start":{"line":997,"column":6},"end":{"line":1000,"column":8}},"454":{"start":{"line":1003,"column":6},"end":{"line":1003,"column":31}},"455":{"start":{"line":1004,"column":19},"end":{"line":1004,"column":32}},"456":{"start":{"line":1005,"column":6},"end":{"line":1005,"column":37}},"457":{"start":{"line":1006,"column":6},"end":{"line":1006,"column":20}},"458":{"start":{"line":1009,"column":23},"end":{"line":1009,"column":25}},"459":{"start":{"line":1010,"column":17},"end":{"line":1015,"column":18}},"460":{"start":{"line":1011,"column":8},"end":{"line":1013,"column":9}},"461":{"start":{"line":1012,"column":10},"end":{"line":1012,"column":49}},"462":{"start":{"line":1012,"column":30},"end":{"line":1012,"column":48}},"463":{"start":{"line":1014,"column":8},"end":{"line":1014,"column":22}},"464":{"start":{"line":1016,"column":6},"end":{"line":1019,"column":8}},"465":{"start":{"line":1022,"column":22},"end":{"line":1022,"column":24}},"466":{"start":{"line":1023,"column":22},"end":{"line":1023,"column":45}},"467":{"start":{"line":1024,"column":6},"end":{"line":1029,"column":7}},"468":{"start":{"line":1025,"column":8},"end":{"line":1028,"column":9}},"469":{"start":{"line":1030,"column":18},"end":{"line":1035,"column":20}},"470":{"start":{"line":1031,"column":8},"end":{"line":1033,"column":9}},"471":{"start":{"line":1032,"column":10},"end":{"line":1032,"column":48}},"472":{"start":{"line":1032,"column":30},"end":{"line":1032,"column":47}},"473":{"start":{"line":1034,"column":8},"end":{"line":1034,"column":22}},"474":{"start":{"line":1036,"column":6},"end":{"line":1038,"column":7}},"475":{"start":{"line":1037,"column":8},"end":{"line":1037,"column":59}},"476":{"start":{"line":1037,"column":41},"end":{"line":1037,"column":58}},"477":{"start":{"line":1039,"column":6},"end":{"line":1042,"column":8}},"478":{"start":{"line":1045,"column":6},"end":{"line":1045,"column":33}},"479":{"start":{"line":1046,"column":19},"end":{"line":1046,"column":32}},"480":{"start":{"line":1047,"column":6},"end":{"line":1047,"column":42}},"481":{"start":{"line":1048,"column":6},"end":{"line":1048,"column":20}},"482":{"start":{"line":1051,"column":6},"end":{"line":1056,"column":7}},"483":{"start":{"line":1052,"column":8},"end":{"line":1055,"column":9}},"484":{"start":{"line":1057,"column":6},"end":{"line":1057,"column":22}},"485":{"start":{"line":1058,"column":18},"end":{"line":1063,"column":20}},"486":{"start":{"line":1059,"column":8},"end":{"line":1061,"column":9}},"487":{"start":{"line":1060,"column":10},"end":{"line":1060,"column":49}},"488":{"start":{"line":1060,"column":30},"end":{"line":1060,"column":48}},"489":{"start":{"line":1062,"column":8},"end":{"line":1062,"column":22}},"490":{"start":{"line":1064,"column":6},"end":{"line":1067,"column":8}},"491":{"start":{"line":1072,"column":4},"end":{"line":1081,"column":5}},"492":{"start":{"line":1073,"column":19},"end":{"line":1077,"column":8}},"493":{"start":{"line":1074,"column":21},"end":{"line":1074,"column":47}},"494":{"start":{"line":1075,"column":8},"end":{"line":1075,"column":49}},"495":{"start":{"line":1076,"column":8},"end":{"line":1076,"column":22}},"496":{"start":{"line":1079,"column":19},"end":{"line":1079,"column":45}},"497":{"start":{"line":1080,"column":6},"end":{"line":1080,"column":47}},"498":{"start":{"line":1082,"column":4},"end":{"line":1082,"column":18}},"499":{"start":{"line":1085,"column":2},"end":{"line":1085,"column":23}},"500":{"start":{"line":1086,"column":18},"end":{"line":1086,"column":20}},"501":{"start":{"line":1087,"column":2},"end":{"line":1093,"column":4}},"502":{"start":{"line":1088,"column":4},"end":{"line":1092,"column":5}},"503":{"start":{"line":1089,"column":6},"end":{"line":1091,"column":8}},"504":{"start":{"line":1090,"column":8},"end":{"line":1090,"column":26}},"505":{"start":{"line":1101,"column":13},"end":{"line":1101,"column":51}},"506":{"start":{"line":1101,"column":27},"end":{"line":1101,"column":38}},"507":{"start":{"line":1103,"column":13},"end":{"line":1106,"column":5}},"508":{"start":{"line":1108,"column":2},"end":{"line":1108,"column":14}},"509":{"start":{"line":1111,"column":0},"end":{"line":1111,"column":26}}},"fnMap":{"0":{"name":"analyzer","decl":{"start":{"line":5,"column":9},"end":{"line":5,"column":17}},"loc":{"start":{"line":5,"column":32},"end":{"line":1109,"column":1}},"line":5},"1":{"name":"make_return","decl":{"start":{"line":17,"column":11},"end":{"line":17,"column":22}},"loc":{"start":{"line":17,"column":29},"end":{"line":43,"column":3}},"line":17},"2":{"name":"(anonymous_2)","decl":{"start":{"line":46,"column":12},"end":{"line":46,"column":13}},"loc":{"start":{"line":46,"column":28},"end":{"line":51,"column":5}},"line":46},"3":{"name":"(anonymous_3)","decl":{"start":{"line":52,"column":12},"end":{"line":52,"column":13}},"loc":{"start":{"line":52,"column":28},"end":{"line":57,"column":5}},"line":52},"4":{"name":"(anonymous_4)","decl":{"start":{"line":58,"column":10},"end":{"line":58,"column":11}},"loc":{"start":{"line":58,"column":26},"end":{"line":62,"column":5}},"line":58},"5":{"name":"(anonymous_5)","decl":{"start":{"line":63,"column":12},"end":{"line":63,"column":13}},"loc":{"start":{"line":63,"column":28},"end":{"line":67,"column":5}},"line":63},"6":{"name":"(anonymous_6)","decl":{"start":{"line":85,"column":21},"end":{"line":85,"column":22}},"loc":{"start":{"line":85,"column":37},"end":{"line":93,"column":5}},"line":85},"7":{"name":"(anonymous_7)","decl":{"start":{"line":94,"column":12},"end":{"line":94,"column":13}},"loc":{"start":{"line":94,"column":28},"end":{"line":98,"column":5}},"line":94},"8":{"name":"(anonymous_8)","decl":{"start":{"line":99,"column":10},"end":{"line":99,"column":11}},"loc":{"start":{"line":99,"column":26},"end":{"line":103,"column":5}},"line":99},"9":{"name":"(anonymous_9)","decl":{"start":{"line":104,"column":12},"end":{"line":104,"column":13}},"loc":{"start":{"line":104,"column":28},"end":{"line":106,"column":5}},"line":104},"10":{"name":"(anonymous_10)","decl":{"start":{"line":107,"column":14},"end":{"line":107,"column":15}},"loc":{"start":{"line":107,"column":30},"end":{"line":109,"column":5}},"line":107},"11":{"name":"(anonymous_11)","decl":{"start":{"line":110,"column":13},"end":{"line":110,"column":14}},"loc":{"start":{"line":110,"column":29},"end":{"line":115,"column":5}},"line":110},"12":{"name":"(anonymous_12)","decl":{"start":{"line":116,"column":17},"end":{"line":116,"column":18}},"loc":{"start":{"line":116,"column":33},"end":{"line":124,"column":5}},"line":116},"13":{"name":"(anonymous_13)","decl":{"start":{"line":125,"column":17},"end":{"line":125,"column":18}},"loc":{"start":{"line":125,"column":33},"end":{"line":127,"column":5}},"line":125},"14":{"name":"(anonymous_14)","decl":{"start":{"line":128,"column":20},"end":{"line":128,"column":21}},"loc":{"start":{"line":128,"column":36},"end":{"line":130,"column":5}},"line":128},"15":{"name":"(anonymous_15)","decl":{"start":{"line":131,"column":8},"end":{"line":131,"column":9}},"loc":{"start":{"line":131,"column":24},"end":{"line":133,"column":5}},"line":131},"16":{"name":"(anonymous_16)","decl":{"start":{"line":134,"column":9},"end":{"line":134,"column":10}},"loc":{"start":{"line":134,"column":25},"end":{"line":136,"column":5}},"line":134},"17":{"name":"(anonymous_17)","decl":{"start":{"line":137,"column":9},"end":{"line":137,"column":10}},"loc":{"start":{"line":137,"column":25},"end":{"line":139,"column":5}},"line":137},"18":{"name":"(anonymous_18)","decl":{"start":{"line":140,"column":10},"end":{"line":140,"column":11}},"loc":{"start":{"line":140,"column":26},"end":{"line":152,"column":5}},"line":140},"19":{"name":"(anonymous_19)","decl":{"start":{"line":141,"column":34},"end":{"line":141,"column":35}},"loc":{"start":{"line":141,"column":51},"end":{"line":143,"column":7}},"line":141},"20":{"name":"(anonymous_20)","decl":{"start":{"line":153,"column":14},"end":{"line":153,"column":15}},"loc":{"start":{"line":153,"column":30},"end":{"line":168,"column":5}},"line":153},"21":{"name":"(anonymous_21)","decl":{"start":{"line":169,"column":11},"end":{"line":169,"column":12}},"loc":{"start":{"line":169,"column":27},"end":{"line":184,"column":5}},"line":169},"22":{"name":"(anonymous_22)","decl":{"start":{"line":185,"column":19},"end":{"line":185,"column":20}},"loc":{"start":{"line":185,"column":35},"end":{"line":199,"column":5}},"line":185},"23":{"name":"(anonymous_23)","decl":{"start":{"line":200,"column":11},"end":{"line":200,"column":12}},"loc":{"start":{"line":200,"column":27},"end":{"line":209,"column":5}},"line":200},"24":{"name":"(anonymous_24)","decl":{"start":{"line":205,"column":41},"end":{"line":205,"column":42}},"loc":{"start":{"line":205,"column":46},"end":{"line":205,"column":52}},"line":205},"25":{"name":"(anonymous_25)","decl":{"start":{"line":210,"column":16},"end":{"line":210,"column":17}},"loc":{"start":{"line":210,"column":32},"end":{"line":212,"column":5}},"line":210},"26":{"name":"(anonymous_26)","decl":{"start":{"line":213,"column":13},"end":{"line":213,"column":14}},"loc":{"start":{"line":213,"column":29},"end":{"line":229,"column":5}},"line":213},"27":{"name":"(anonymous_27)","decl":{"start":{"line":230,"column":15},"end":{"line":230,"column":16}},"loc":{"start":{"line":230,"column":31},"end":{"line":252,"column":5}},"line":230},"28":{"name":"(anonymous_28)","decl":{"start":{"line":231,"column":56},"end":{"line":231,"column":57}},"loc":{"start":{"line":231,"column":61},"end":{"line":231,"column":66}},"line":231},"29":{"name":"(anonymous_29)","decl":{"start":{"line":234,"column":39},"end":{"line":234,"column":40}},"loc":{"start":{"line":234,"column":57},"end":{"line":239,"column":9}},"line":234},"30":{"name":"(anonymous_30)","decl":{"start":{"line":241,"column":39},"end":{"line":241,"column":40}},"loc":{"start":{"line":241,"column":57},"end":{"line":246,"column":9}},"line":241},"31":{"name":"(anonymous_31)","decl":{"start":{"line":248,"column":62},"end":{"line":248,"column":63}},"loc":{"start":{"line":248,"column":67},"end":{"line":248,"column":75}},"line":248},"32":{"name":"(anonymous_32)","decl":{"start":{"line":253,"column":15},"end":{"line":253,"column":16}},"loc":{"start":{"line":253,"column":31},"end":{"line":260,"column":5}},"line":253},"33":{"name":"(anonymous_33)","decl":{"start":{"line":254,"column":36},"end":{"line":254,"column":37}},"loc":{"start":{"line":254,"column":51},"end":{"line":256,"column":7}},"line":254},"34":{"name":"(anonymous_34)","decl":{"start":{"line":261,"column":25},"end":{"line":261,"column":26}},"loc":{"start":{"line":261,"column":41},"end":{"line":263,"column":5}},"line":261},"35":{"name":"(anonymous_35)","decl":{"start":{"line":264,"column":17},"end":{"line":264,"column":18}},"loc":{"start":{"line":264,"column":33},"end":{"line":275,"column":5}},"line":264},"36":{"name":"(anonymous_36)","decl":{"start":{"line":289,"column":18},"end":{"line":289,"column":19}},"loc":{"start":{"line":289,"column":34},"end":{"line":297,"column":5}},"line":289},"37":{"name":"(anonymous_37)","decl":{"start":{"line":298,"column":28},"end":{"line":298,"column":29}},"loc":{"start":{"line":298,"column":44},"end":{"line":318,"column":5}},"line":298},"38":{"name":"(anonymous_38)","decl":{"start":{"line":310,"column":38},"end":{"line":310,"column":39}},"loc":{"start":{"line":310,"column":43},"end":{"line":310,"column":49}},"line":310},"39":{"name":"(anonymous_39)","decl":{"start":{"line":319,"column":22},"end":{"line":319,"column":23}},"loc":{"start":{"line":319,"column":38},"end":{"line":329,"column":5}},"line":319},"40":{"name":"(anonymous_40)","decl":{"start":{"line":330,"column":32},"end":{"line":330,"column":33}},"loc":{"start":{"line":330,"column":48},"end":{"line":350,"column":5}},"line":330},"41":{"name":"(anonymous_41)","decl":{"start":{"line":342,"column":38},"end":{"line":342,"column":39}},"loc":{"start":{"line":342,"column":43},"end":{"line":342,"column":49}},"line":342},"42":{"name":"(anonymous_42)","decl":{"start":{"line":351,"column":19},"end":{"line":351,"column":20}},"loc":{"start":{"line":351,"column":35},"end":{"line":369,"column":5}},"line":351},"43":{"name":"(anonymous_43)","decl":{"start":{"line":370,"column":15},"end":{"line":370,"column":16}},"loc":{"start":{"line":370,"column":31},"end":{"line":401,"column":5}},"line":370},"44":{"name":"(anonymous_44)","decl":{"start":{"line":402,"column":10},"end":{"line":402,"column":11}},"loc":{"start":{"line":402,"column":26},"end":{"line":441,"column":5}},"line":402},"45":{"name":"(anonymous_45)","decl":{"start":{"line":412,"column":22},"end":{"line":412,"column":23}},"loc":{"start":{"line":412,"column":27},"end":{"line":412,"column":33}},"line":412},"46":{"name":"(anonymous_46)","decl":{"start":{"line":415,"column":21},"end":{"line":415,"column":22}},"loc":{"start":{"line":415,"column":38},"end":{"line":436,"column":7}},"line":415},"47":{"name":"(anonymous_47)","decl":{"start":{"line":442,"column":18},"end":{"line":442,"column":19}},"loc":{"start":{"line":442,"column":34},"end":{"line":448,"column":5}},"line":442},"48":{"name":"(anonymous_48)","decl":{"start":{"line":449,"column":12},"end":{"line":449,"column":13}},"loc":{"start":{"line":449,"column":28},"end":{"line":470,"column":5}},"line":449},"49":{"name":"(anonymous_49)","decl":{"start":{"line":453,"column":47},"end":{"line":453,"column":48}},"loc":{"start":{"line":453,"column":56},"end":{"line":459,"column":9}},"line":453},"50":{"name":"(anonymous_50)","decl":{"start":{"line":462,"column":23},"end":{"line":462,"column":24}},"loc":{"start":{"line":462,"column":40},"end":{"line":464,"column":9}},"line":462},"51":{"name":"(anonymous_51)","decl":{"start":{"line":471,"column":12},"end":{"line":471,"column":13}},"loc":{"start":{"line":471,"column":28},"end":{"line":483,"column":5}},"line":471},"52":{"name":"(anonymous_52)","decl":{"start":{"line":476,"column":51},"end":{"line":476,"column":52}},"loc":{"start":{"line":476,"column":56},"end":{"line":476,"column":62}},"line":476},"53":{"name":"(anonymous_53)","decl":{"start":{"line":484,"column":18},"end":{"line":484,"column":19}},"loc":{"start":{"line":484,"column":34},"end":{"line":495,"column":5}},"line":484},"54":{"name":"(anonymous_54)","decl":{"start":{"line":496,"column":16},"end":{"line":496,"column":17}},"loc":{"start":{"line":496,"column":32},"end":{"line":509,"column":5}},"line":496},"55":{"name":"(anonymous_55)","decl":{"start":{"line":501,"column":51},"end":{"line":501,"column":52}},"loc":{"start":{"line":501,"column":56},"end":{"line":501,"column":62}},"line":501},"56":{"name":"(anonymous_56)","decl":{"start":{"line":510,"column":23},"end":{"line":510,"column":24}},"loc":{"start":{"line":510,"column":39},"end":{"line":522,"column":5}},"line":510},"57":{"name":"(anonymous_57)","decl":{"start":{"line":523,"column":19},"end":{"line":523,"column":20}},"loc":{"start":{"line":523,"column":35},"end":{"line":528,"column":5}},"line":523},"58":{"name":"(anonymous_58)","decl":{"start":{"line":529,"column":12},"end":{"line":529,"column":13}},"loc":{"start":{"line":529,"column":28},"end":{"line":549,"column":5}},"line":529},"59":{"name":"(anonymous_59)","decl":{"start":{"line":550,"column":18},"end":{"line":550,"column":19}},"loc":{"start":{"line":550,"column":34},"end":{"line":552,"column":5}},"line":550},"60":{"name":"(anonymous_60)","decl":{"start":{"line":553,"column":10},"end":{"line":553,"column":11}},"loc":{"start":{"line":553,"column":26},"end":{"line":564,"column":5}},"line":553},"61":{"name":"(anonymous_61)","decl":{"start":{"line":565,"column":22},"end":{"line":565,"column":23}},"loc":{"start":{"line":565,"column":38},"end":{"line":581,"column":5}},"line":565},"62":{"name":"(anonymous_62)","decl":{"start":{"line":572,"column":38},"end":{"line":572,"column":39}},"loc":{"start":{"line":572,"column":43},"end":{"line":572,"column":49}},"line":572},"63":{"name":"(anonymous_63)","decl":{"start":{"line":582,"column":24},"end":{"line":582,"column":25}},"loc":{"start":{"line":582,"column":40},"end":{"line":598,"column":5}},"line":582},"64":{"name":"(anonymous_64)","decl":{"start":{"line":589,"column":38},"end":{"line":589,"column":39}},"loc":{"start":{"line":589,"column":43},"end":{"line":589,"column":49}},"line":589},"65":{"name":"(anonymous_65)","decl":{"start":{"line":599,"column":24},"end":{"line":599,"column":25}},"loc":{"start":{"line":599,"column":40},"end":{"line":615,"column":5}},"line":599},"66":{"name":"(anonymous_66)","decl":{"start":{"line":606,"column":38},"end":{"line":606,"column":39}},"loc":{"start":{"line":606,"column":43},"end":{"line":606,"column":49}},"line":606},"67":{"name":"(anonymous_67)","decl":{"start":{"line":616,"column":26},"end":{"line":616,"column":27}},"loc":{"start":{"line":616,"column":42},"end":{"line":632,"column":5}},"line":616},"68":{"name":"(anonymous_68)","decl":{"start":{"line":623,"column":38},"end":{"line":623,"column":39}},"loc":{"start":{"line":623,"column":43},"end":{"line":623,"column":49}},"line":623},"69":{"name":"(anonymous_69)","decl":{"start":{"line":633,"column":13},"end":{"line":633,"column":14}},"loc":{"start":{"line":633,"column":29},"end":{"line":665,"column":5}},"line":633},"70":{"name":"(anonymous_70)","decl":{"start":{"line":666,"column":12},"end":{"line":666,"column":13}},"loc":{"start":{"line":666,"column":28},"end":{"line":721,"column":5}},"line":666},"71":{"name":"(anonymous_71)","decl":{"start":{"line":671,"column":37},"end":{"line":671,"column":38}},"loc":{"start":{"line":671,"column":50},"end":{"line":676,"column":7}},"line":671},"72":{"name":"(anonymous_72)","decl":{"start":{"line":673,"column":25},"end":{"line":673,"column":26}},"loc":{"start":{"line":673,"column":30},"end":{"line":673,"column":48}},"line":673},"73":{"name":"(anonymous_73)","decl":{"start":{"line":682,"column":33},"end":{"line":682,"column":34}},"loc":{"start":{"line":682,"column":38},"end":{"line":682,"column":43}},"line":682},"74":{"name":"(anonymous_74)","decl":{"start":{"line":683,"column":38},"end":{"line":683,"column":39}},"loc":{"start":{"line":683,"column":43},"end":{"line":683,"column":55}},"line":683},"75":{"name":"(anonymous_75)","decl":{"start":{"line":722,"column":14},"end":{"line":722,"column":15}},"loc":{"start":{"line":722,"column":30},"end":{"line":762,"column":5}},"line":722},"76":{"name":"(anonymous_76)","decl":{"start":{"line":728,"column":31},"end":{"line":728,"column":32}},"loc":{"start":{"line":728,"column":36},"end":{"line":728,"column":48}},"line":728},"77":{"name":"(anonymous_77)","decl":{"start":{"line":733,"column":37},"end":{"line":733,"column":38}},"loc":{"start":{"line":733,"column":50},"end":{"line":738,"column":7}},"line":733},"78":{"name":"(anonymous_78)","decl":{"start":{"line":735,"column":25},"end":{"line":735,"column":26}},"loc":{"start":{"line":735,"column":30},"end":{"line":735,"column":48}},"line":735},"79":{"name":"(anonymous_79)","decl":{"start":{"line":740,"column":33},"end":{"line":740,"column":34}},"loc":{"start":{"line":740,"column":38},"end":{"line":740,"column":43}},"line":740},"80":{"name":"(anonymous_80)","decl":{"start":{"line":741,"column":38},"end":{"line":741,"column":39}},"loc":{"start":{"line":741,"column":43},"end":{"line":741,"column":55}},"line":741},"81":{"name":"(anonymous_81)","decl":{"start":{"line":763,"column":14},"end":{"line":763,"column":15}},"loc":{"start":{"line":763,"column":30},"end":{"line":799,"column":5}},"line":763},"82":{"name":"(anonymous_82)","decl":{"start":{"line":768,"column":37},"end":{"line":768,"column":38}},"loc":{"start":{"line":768,"column":50},"end":{"line":773,"column":7}},"line":768},"83":{"name":"(anonymous_83)","decl":{"start":{"line":770,"column":25},"end":{"line":770,"column":26}},"loc":{"start":{"line":770,"column":30},"end":{"line":770,"column":48}},"line":770},"84":{"name":"(anonymous_84)","decl":{"start":{"line":777,"column":33},"end":{"line":777,"column":34}},"loc":{"start":{"line":777,"column":38},"end":{"line":777,"column":43}},"line":777},"85":{"name":"(anonymous_85)","decl":{"start":{"line":778,"column":52},"end":{"line":778,"column":53}},"loc":{"start":{"line":778,"column":57},"end":{"line":778,"column":69}},"line":778},"86":{"name":"(anonymous_86)","decl":{"start":{"line":800,"column":16},"end":{"line":800,"column":17}},"loc":{"start":{"line":800,"column":32},"end":{"line":843,"column":5}},"line":800},"87":{"name":"(anonymous_87)","decl":{"start":{"line":805,"column":37},"end":{"line":805,"column":38}},"loc":{"start":{"line":805,"column":50},"end":{"line":810,"column":7}},"line":805},"88":{"name":"(anonymous_88)","decl":{"start":{"line":807,"column":25},"end":{"line":807,"column":26}},"loc":{"start":{"line":807,"column":30},"end":{"line":807,"column":48}},"line":807},"89":{"name":"(anonymous_89)","decl":{"start":{"line":818,"column":31},"end":{"line":818,"column":32}},"loc":{"start":{"line":818,"column":36},"end":{"line":818,"column":41}},"line":818},"90":{"name":"(anonymous_90)","decl":{"start":{"line":820,"column":40},"end":{"line":820,"column":41}},"loc":{"start":{"line":820,"column":45},"end":{"line":820,"column":53}},"line":820},"91":{"name":"(anonymous_91)","decl":{"start":{"line":821,"column":33},"end":{"line":821,"column":34}},"loc":{"start":{"line":821,"column":38},"end":{"line":821,"column":43}},"line":821},"92":{"name":"(anonymous_92)","decl":{"start":{"line":822,"column":52},"end":{"line":822,"column":53}},"loc":{"start":{"line":822,"column":57},"end":{"line":822,"column":69}},"line":822},"93":{"name":"(anonymous_93)","decl":{"start":{"line":844,"column":19},"end":{"line":844,"column":20}},"loc":{"start":{"line":844,"column":35},"end":{"line":852,"column":5}},"line":844},"94":{"name":"(anonymous_94)","decl":{"start":{"line":853,"column":23},"end":{"line":853,"column":24}},"loc":{"start":{"line":853,"column":39},"end":{"line":861,"column":5}},"line":853},"95":{"name":"(anonymous_95)","decl":{"start":{"line":862,"column":13},"end":{"line":862,"column":14}},"loc":{"start":{"line":862,"column":29},"end":{"line":904,"column":5}},"line":862},"96":{"name":"(anonymous_96)","decl":{"start":{"line":867,"column":37},"end":{"line":867,"column":38}},"loc":{"start":{"line":867,"column":50},"end":{"line":872,"column":7}},"line":867},"97":{"name":"(anonymous_97)","decl":{"start":{"line":869,"column":25},"end":{"line":869,"column":26}},"loc":{"start":{"line":869,"column":30},"end":{"line":869,"column":48}},"line":869},"98":{"name":"(anonymous_98)","decl":{"start":{"line":878,"column":33},"end":{"line":878,"column":34}},"loc":{"start":{"line":878,"column":38},"end":{"line":878,"column":43}},"line":878},"99":{"name":"(anonymous_99)","decl":{"start":{"line":879,"column":38},"end":{"line":879,"column":39}},"loc":{"start":{"line":879,"column":43},"end":{"line":879,"column":55}},"line":879},"100":{"name":"(anonymous_100)","decl":{"start":{"line":905,"column":16},"end":{"line":905,"column":17}},"loc":{"start":{"line":905,"column":32},"end":{"line":913,"column":5}},"line":905},"101":{"name":"(anonymous_101)","decl":{"start":{"line":914,"column":16},"end":{"line":914,"column":17}},"loc":{"start":{"line":914,"column":32},"end":{"line":1001,"column":5}},"line":914},"102":{"name":"transform","decl":{"start":{"line":922,"column":15},"end":{"line":922,"column":24}},"loc":{"start":{"line":922,"column":31},"end":{"line":968,"column":7}},"line":922},"103":{"name":"(anonymous_103)","decl":{"start":{"line":970,"column":26},"end":{"line":970,"column":27}},"loc":{"start":{"line":970,"column":47},"end":{"line":973,"column":7}},"line":970},"104":{"name":"(anonymous_104)","decl":{"start":{"line":1002,"column":20},"end":{"line":1002,"column":21}},"loc":{"start":{"line":1002,"column":36},"end":{"line":1007,"column":5}},"line":1002},"105":{"name":"(anonymous_105)","decl":{"start":{"line":1008,"column":17},"end":{"line":1008,"column":18}},"loc":{"start":{"line":1008,"column":33},"end":{"line":1020,"column":5}},"line":1008},"106":{"name":"(anonymous_106)","decl":{"start":{"line":1010,"column":46},"end":{"line":1010,"column":47}},"loc":{"start":{"line":1010,"column":59},"end":{"line":1015,"column":7}},"line":1010},"107":{"name":"(anonymous_107)","decl":{"start":{"line":1012,"column":25},"end":{"line":1012,"column":26}},"loc":{"start":{"line":1012,"column":30},"end":{"line":1012,"column":48}},"line":1012},"108":{"name":"(anonymous_108)","decl":{"start":{"line":1021,"column":18},"end":{"line":1021,"column":19}},"loc":{"start":{"line":1021,"column":34},"end":{"line":1043,"column":5}},"line":1021},"109":{"name":"(anonymous_109)","decl":{"start":{"line":1030,"column":57},"end":{"line":1030,"column":58}},"loc":{"start":{"line":1030,"column":70},"end":{"line":1035,"column":7}},"line":1030},"110":{"name":"(anonymous_110)","decl":{"start":{"line":1032,"column":25},"end":{"line":1032,"column":26}},"loc":{"start":{"line":1032,"column":30},"end":{"line":1032,"column":47}},"line":1032},"111":{"name":"(anonymous_111)","decl":{"start":{"line":1037,"column":36},"end":{"line":1037,"column":37}},"loc":{"start":{"line":1037,"column":41},"end":{"line":1037,"column":58}},"line":1037},"112":{"name":"(anonymous_112)","decl":{"start":{"line":1044,"column":20},"end":{"line":1044,"column":21}},"loc":{"start":{"line":1044,"column":36},"end":{"line":1049,"column":5}},"line":1044},"113":{"name":"(anonymous_113)","decl":{"start":{"line":1050,"column":20},"end":{"line":1050,"column":21}},"loc":{"start":{"line":1050,"column":36},"end":{"line":1068,"column":5}},"line":1050},"114":{"name":"(anonymous_114)","decl":{"start":{"line":1058,"column":53},"end":{"line":1058,"column":54}},"loc":{"start":{"line":1058,"column":66},"end":{"line":1063,"column":7}},"line":1058},"115":{"name":"(anonymous_115)","decl":{"start":{"line":1060,"column":25},"end":{"line":1060,"column":26}},"loc":{"start":{"line":1060,"column":30},"end":{"line":1060,"column":48}},"line":1060},"116":{"name":"analyze","decl":{"start":{"line":1071,"column":11},"end":{"line":1071,"column":18}},"loc":{"start":{"line":1071,"column":25},"end":{"line":1083,"column":3}},"line":1071},"117":{"name":"(anonymous_117)","decl":{"start":{"line":1073,"column":28},"end":{"line":1073,"column":29}},"loc":{"start":{"line":1073,"column":44},"end":{"line":1077,"column":7}},"line":1073},"118":{"name":"(anonymous_118)","decl":{"start":{"line":1087,"column":15},"end":{"line":1087,"column":16}},"loc":{"start":{"line":1087,"column":26},"end":{"line":1093,"column":3}},"line":1087},"119":{"name":"(anonymous_119)","decl":{"start":{"line":1089,"column":21},"end":{"line":1089,"column":22}},"loc":{"start":{"line":1089,"column":34},"end":{"line":1091,"column":7}},"line":1089},"120":{"name":"(anonymous_120)","decl":{"start":{"line":1101,"column":22},"end":{"line":1101,"column":23}},"loc":{"start":{"line":1101,"column":27},"end":{"line":1101,"column":38}},"line":1101}},"branchMap":{"0":{"loc":{"start":{"line":18,"column":4},"end":{"line":38,"column":5}},"type":"if","locations":[{"start":{"line":18,"column":4},"end":{"line":38,"column":5}},{"start":{"line":18,"column":4},"end":{"line":38,"column":5}}],"line":18},"1":{"loc":{"start":{"line":23,"column":11},"end":{"line":38,"column":5}},"type":"if","locations":[{"start":{"line":23,"column":11},"end":{"line":38,"column":5}},{"start":{"line":23,"column":11},"end":{"line":38,"column":5}}],"line":23},"2":{"loc":{"start":{"line":26,"column":6},"end":{"line":31,"column":7}},"type":"if","locations":[{"start":{"line":26,"column":6},"end":{"line":31,"column":7}},{"start":{"line":26,"column":6},"end":{"line":31,"column":7}}],"line":26},"3":{"loc":{"start":{"line":170,"column":18},"end":{"line":170,"column":102}},"type":"cond-expr","locations":[{"start":{"line":170,"column":49},"end":{"line":170,"column":73}},{"start":{"line":170,"column":76},"end":{"line":170,"column":102}}],"line":170},"4":{"loc":{"start":{"line":171,"column":16},"end":{"line":171,"column":91}},"type":"cond-expr","locations":[{"start":{"line":171,"column":41},"end":{"line":171,"column":55}},{"start":{"line":171,"column":58},"end":{"line":171,"column":91}}],"line":171},"5":{"loc":{"start":{"line":186,"column":18},"end":{"line":186,"column":102}},"type":"cond-expr","locations":[{"start":{"line":186,"column":49},"end":{"line":186,"column":73}},{"start":{"line":186,"column":76},"end":{"line":186,"column":102}}],"line":186},"6":{"loc":{"start":{"line":187,"column":16},"end":{"line":187,"column":86}},"type":"cond-expr","locations":[{"start":{"line":187,"column":41},"end":{"line":187,"column":55}},{"start":{"line":187,"column":58},"end":{"line":187,"column":86}}],"line":187},"7":{"loc":{"start":{"line":233,"column":6},"end":{"line":250,"column":7}},"type":"if","locations":[{"start":{"line":233,"column":6},"end":{"line":250,"column":7}},{"start":{"line":233,"column":6},"end":{"line":250,"column":7}}],"line":233},"8":{"loc":{"start":{"line":240,"column":13},"end":{"line":250,"column":7}},"type":"if","locations":[{"start":{"line":240,"column":13},"end":{"line":250,"column":7}},{"start":{"line":240,"column":13},"end":{"line":250,"column":7}}],"line":240},"9":{"loc":{"start":{"line":355,"column":6},"end":{"line":360,"column":7}},"type":"if","locations":[{"start":{"line":355,"column":6},"end":{"line":360,"column":7}},{"start":{"line":355,"column":6},"end":{"line":360,"column":7}}],"line":355},"10":{"loc":{"start":{"line":374,"column":6},"end":{"line":379,"column":7}},"type":"if","locations":[{"start":{"line":374,"column":6},"end":{"line":379,"column":7}},{"start":{"line":374,"column":6},"end":{"line":379,"column":7}}],"line":374},"11":{"loc":{"start":{"line":380,"column":6},"end":{"line":392,"column":7}},"type":"if","locations":[{"start":{"line":380,"column":6},"end":{"line":392,"column":7}},{"start":{"line":380,"column":6},"end":{"line":392,"column":7}}],"line":380},"12":{"loc":{"start":{"line":416,"column":8},"end":{"line":435,"column":9}},"type":"if","locations":[{"start":{"line":416,"column":8},"end":{"line":435,"column":9}},{"start":{"line":416,"column":8},"end":{"line":435,"column":9}}],"line":416},"13":{"loc":{"start":{"line":419,"column":15},"end":{"line":435,"column":9}},"type":"if","locations":[{"start":{"line":419,"column":15},"end":{"line":435,"column":9}},{"start":{"line":419,"column":15},"end":{"line":435,"column":9}}],"line":419},"14":{"loc":{"start":{"line":421,"column":15},"end":{"line":435,"column":9}},"type":"if","locations":[{"start":{"line":421,"column":15},"end":{"line":435,"column":9}},{"start":{"line":421,"column":15},"end":{"line":435,"column":9}}],"line":421},"15":{"loc":{"start":{"line":423,"column":15},"end":{"line":435,"column":9}},"type":"if","locations":[{"start":{"line":423,"column":15},"end":{"line":435,"column":9}},{"start":{"line":423,"column":15},"end":{"line":435,"column":9}}],"line":423},"16":{"loc":{"start":{"line":425,"column":15},"end":{"line":435,"column":9}},"type":"if","locations":[{"start":{"line":425,"column":15},"end":{"line":435,"column":9}},{"start":{"line":425,"column":15},"end":{"line":435,"column":9}}],"line":425},"17":{"loc":{"start":{"line":427,"column":15},"end":{"line":435,"column":9}},"type":"if","locations":[{"start":{"line":427,"column":15},"end":{"line":435,"column":9}},{"start":{"line":427,"column":15},"end":{"line":435,"column":9}}],"line":427},"18":{"loc":{"start":{"line":429,"column":15},"end":{"line":435,"column":9}},"type":"if","locations":[{"start":{"line":429,"column":15},"end":{"line":435,"column":9}},{"start":{"line":429,"column":15},"end":{"line":435,"column":9}}],"line":429},"19":{"loc":{"start":{"line":431,"column":15},"end":{"line":435,"column":9}},"type":"if","locations":[{"start":{"line":431,"column":15},"end":{"line":435,"column":9}},{"start":{"line":431,"column":15},"end":{"line":435,"column":9}}],"line":431},"20":{"loc":{"start":{"line":450,"column":6},"end":{"line":465,"column":7}},"type":"if","locations":[{"start":{"line":450,"column":6},"end":{"line":465,"column":7}},{"start":{"line":450,"column":6},"end":{"line":465,"column":7}}],"line":450},"21":{"loc":{"start":{"line":452,"column":13},"end":{"line":465,"column":7}},"type":"if","locations":[{"start":{"line":452,"column":13},"end":{"line":465,"column":7}},{"start":{"line":452,"column":13},"end":{"line":465,"column":7}}],"line":452},"22":{"loc":{"start":{"line":455,"column":10},"end":{"line":457,"column":11}},"type":"if","locations":[{"start":{"line":455,"column":10},"end":{"line":457,"column":11}},{"start":{"line":455,"column":10},"end":{"line":457,"column":11}}],"line":455},"23":{"loc":{"start":{"line":562,"column":15},"end":{"line":562,"column":30}},"type":"binary-expr","locations":[{"start":{"line":562,"column":15},"end":{"line":562,"column":24}},{"start":{"line":562,"column":28},"end":{"line":562,"column":30}}],"line":562},"24":{"loc":{"start":{"line":562,"column":39},"end":{"line":562,"column":55}},"type":"binary-expr","locations":[{"start":{"line":562,"column":39},"end":{"line":562,"column":49}},{"start":{"line":562,"column":53},"end":{"line":562,"column":55}}],"line":562},"25":{"loc":{"start":{"line":672,"column":8},"end":{"line":674,"column":9}},"type":"if","locations":[{"start":{"line":672,"column":8},"end":{"line":674,"column":9}},{"start":{"line":672,"column":8},"end":{"line":674,"column":9}}],"line":672},"26":{"loc":{"start":{"line":684,"column":6},"end":{"line":701,"column":7}},"type":"if","locations":[{"start":{"line":684,"column":6},"end":{"line":701,"column":7}},{"start":{"line":684,"column":6},"end":{"line":701,"column":7}}],"line":684},"27":{"loc":{"start":{"line":725,"column":6},"end":{"line":729,"column":7}},"type":"if","locations":[{"start":{"line":725,"column":6},"end":{"line":729,"column":7}},{"start":{"line":725,"column":6},"end":{"line":729,"column":7}}],"line":725},"28":{"loc":{"start":{"line":734,"column":8},"end":{"line":736,"column":9}},"type":"if","locations":[{"start":{"line":734,"column":8},"end":{"line":736,"column":9}},{"start":{"line":734,"column":8},"end":{"line":736,"column":9}}],"line":734},"29":{"loc":{"start":{"line":769,"column":8},"end":{"line":771,"column":9}},"type":"if","locations":[{"start":{"line":769,"column":8},"end":{"line":771,"column":9}},{"start":{"line":769,"column":8},"end":{"line":771,"column":9}}],"line":769},"30":{"loc":{"start":{"line":806,"column":8},"end":{"line":808,"column":9}},"type":"if","locations":[{"start":{"line":806,"column":8},"end":{"line":808,"column":9}},{"start":{"line":806,"column":8},"end":{"line":808,"column":9}}],"line":806},"31":{"loc":{"start":{"line":815,"column":6},"end":{"line":819,"column":7}},"type":"if","locations":[{"start":{"line":815,"column":6},"end":{"line":819,"column":7}},{"start":{"line":815,"column":6},"end":{"line":819,"column":7}}],"line":815},"32":{"loc":{"start":{"line":868,"column":8},"end":{"line":870,"column":9}},"type":"if","locations":[{"start":{"line":868,"column":8},"end":{"line":870,"column":9}},{"start":{"line":868,"column":8},"end":{"line":870,"column":9}}],"line":868},"33":{"loc":{"start":{"line":880,"column":6},"end":{"line":892,"column":7}},"type":"if","locations":[{"start":{"line":880,"column":6},"end":{"line":892,"column":7}},{"start":{"line":880,"column":6},"end":{"line":892,"column":7}}],"line":880},"34":{"loc":{"start":{"line":918,"column":6},"end":{"line":920,"column":7}},"type":"if","locations":[{"start":{"line":918,"column":6},"end":{"line":920,"column":7}},{"start":{"line":918,"column":6},"end":{"line":920,"column":7}}],"line":918},"35":{"loc":{"start":{"line":923,"column":8},"end":{"line":966,"column":9}},"type":"if","locations":[{"start":{"line":923,"column":8},"end":{"line":966,"column":9}},{"start":{"line":923,"column":8},"end":{"line":966,"column":9}}],"line":923},"36":{"loc":{"s
[...]
":{"line":675,"column":17},"end":{"line":675,"column":145}},"69":{"start":{"line":677,"column":0},"end":{"line":677,"column":28}},"70":{"start":{"line":678,"column":0},"end":{"line":678,"column":28}}},"fnMap":{"0":{"name":"(anonymous_0)","decl":{"start":{"line":4,"column":21},"end":{"line":4,"column":22}},"loc":{"start":{"line":4,"column":50},"end":{"line":6,"column":3}},"line":4},"1":{"name":"(anonymous_1)","decl":{"start":{"line":7,"column":16},"end":{"line":7,"column":17}},"loc":{"start":{"line":7,"column":45},"end":{"line":9,"column":3}},"line":7},"2":{"name":"(anonymous_2)","decl":{"start":{"line":10,"column":16},"end":{"line":10,"column":17}},"loc":{"start":{"line":10,"column":45},"end":{"line":12,"column":3}},"line":10},"3":{"name":"(anonymous_3)","decl":{"start":{"line":13,"column":23},"end":{"line":13,"column":24}},"loc":{"start":{"line":13,"column":52},"end":{"line":15,"column":3}},"line":13},"4":{"name":"(anonymous_4)","decl":{"start":{"line":16,"column":13},"end":{"line":16,"column":14}},"loc":{"start":{"line":16,"column":42},"end":{"line":18,"column":3}},"line":16},"5":{"name":"(anonymous_5)","decl":{"start":{"line":19,"column":17},"end":{"line":19,"column":18}},"loc":{"start":{"line":19,"column":46},"end":{"line":21,"column":3}},"line":19},"6":{"name":"(anonymous_6)","decl":{"start":{"line":22,"column":18},"end":{"line":22,"column":19}},"loc":{"start":{"line":22,"column":47},"end":{"line":24,"column":3}},"line":22},"7":{"name":"(anonymous_7)","decl":{"start":{"line":25,"column":15},"end":{"line":25,"column":16}},"loc":{"start":{"line":25,"column":44},"end":{"line":27,"column":3}},"line":25},"8":{"name":"(anonymous_8)","decl":{"start":{"line":28,"column":23},"end":{"line":28,"column":24}},"loc":{"start":{"line":28,"column":44},"end":{"line":34,"column":3}},"line":28},"9":{"name":"(anonymous_9)","decl":{"start":{"line":35,"column":16},"end":{"line":35,"column":17}},"loc":{"start":{"line":35,"column":37},"end":{"line":41,"column":3}},"line":35},"10":{"name":"(anonymous_10)","decl":{"start":{"line":43,"column":9},"end":{"line":43,"column":10}},"loc":{"start":{"line":44,"column":4},"end":{"line":47,"column":17}},"line":44},"11":{"name":"(anonymous_11)","decl":{"start":{"line":49,"column":19},"end":{"line":49,"column":20}},"loc":{"start":{"line":50,"column":4},"end":{"line":54,"column":17}},"line":50},"12":{"name":"(anonymous_12)","decl":{"start":{"line":64,"column":12},"end":{"line":64,"column":13}},"loc":{"start":{"line":64,"column":33},"end":{"line":69,"column":3}},"line":64},"13":{"name":"(anonymous_13)","decl":{"start":{"line":70,"column":11},"end":{"line":70,"column":12}},"loc":{"start":{"line":70,"column":32},"end":{"line":76,"column":3}},"line":70},"14":{"name":"(anonymous_14)","decl":{"start":{"line":77,"column":13},"end":{"line":77,"column":14}},"loc":{"start":{"line":77,"column":34},"end":{"line":85,"column":3}},"line":77},"15":{"name":"(anonymous_15)","decl":{"start":{"line":86,"column":13},"end":{"line":86,"column":14}},"loc":{"start":{"line":86,"column":34},"end":{"line":92,"column":3}},"line":86},"16":{"name":"(anonymous_16)","decl":{"start":{"line":93,"column":13},"end":{"line":93,"column":14}},"loc":{"start":{"line":93,"column":34},"end":{"line":101,"column":3}},"line":93},"17":{"name":"(anonymous_17)","decl":{"start":{"line":102,"column":11},"end":{"line":102,"column":12}},"loc":{"start":{"line":102,"column":40},"end":{"line":108,"column":3}},"line":102},"18":{"name":"(anonymous_18)","decl":{"start":{"line":109,"column":15},"end":{"line":109,"column":16}},"loc":{"start":{"line":109,"column":44},"end":{"line":115,"column":3}},"line":109},"19":{"name":"(anonymous_19)","decl":{"start":{"line":116,"column":17},"end":{"line":116,"column":18}},"loc":{"start":{"line":116,"column":46},"end":{"line":124,"column":3}},"line":116},"20":{"name":"(anonymous_20)","decl":{"start":{"line":125,"column":9},"end":{"line":125,"column":10}},"loc":{"start":{"line":125,"column":38},"end":{"line":131,"column":3}},"line":125},"21":{"name":"(anonymous_21)","decl":{"start":{"line":132,"column":13},"end":{"line":132,"column":14}},"loc":{"start":{"line":132,"column":42},"end":{"line":140,"column":3}},"line":132},"22":{"name":"(anonymous_22)","decl":{"start":{"line":141,"column":12},"end":{"line":141,"column":13}},"loc":{"start":{"line":141,"column":41},"end":{"line":149,"column":3}},"line":141},"23":{"name":"(anonymous_23)","decl":{"start":{"line":150,"column":11},"end":{"line":150,"column":12}},"loc":{"start":{"line":150,"column":40},"end":{"line":158,"column":3}},"line":150},"24":{"name":"(anonymous_24)","decl":{"start":{"line":159,"column":8},"end":{"line":159,"column":9}},"loc":{"start":{"line":159,"column":37},"end":{"line":161,"column":3}},"line":159},"25":{"name":"(anonymous_25)","decl":{"start":{"line":162,"column":12},"end":{"line":162,"column":13}},"loc":{"start":{"line":162,"column":33},"end":{"line":170,"column":3}},"line":162},"26":{"name":"(anonymous_26)","decl":{"start":{"line":171,"column":19},"end":{"line":171,"column":20}},"loc":{"start":{"line":171,"column":40},"end":{"line":181,"column":3}},"line":171},"27":{"name":"(anonymous_27)","decl":{"start":{"line":216,"column":12},"end":{"line":216,"column":13}},"loc":{"start":{"line":216,"column":33},"end":{"line":226,"column":3}},"line":216},"28":{"name":"(anonymous_28)","decl":{"start":{"line":227,"column":18},"end":{"line":227,"column":19}},"loc":{"start":{"line":227,"column":39},"end":{"line":232,"column":3}},"line":227},"29":{"name":"(anonymous_29)","decl":{"start":{"line":233,"column":8},"end":{"line":233,"column":9}},"loc":{"start":{"line":233,"column":29},"end":{"line":239,"column":3}},"line":233},"30":{"name":"(anonymous_30)","decl":{"start":{"line":240,"column":14},"end":{"line":240,"column":15}},"loc":{"start":{"line":240,"column":35},"end":{"line":245,"column":3}},"line":240},"31":{"name":"(anonymous_31)","decl":{"start":{"line":246,"column":26},"end":{"line":246,"column":27}},"loc":{"start":{"line":246,"column":47},"end":{"line":260,"column":3}},"line":246},"32":{"name":"(anonymous_32)","decl":{"start":{"line":261,"column":16},"end":{"line":261,"column":17}},"loc":{"start":{"line":261,"column":37},"end":{"line":273,"column":3}},"line":261},"33":{"name":"(anonymous_33)","decl":{"start":{"line":274,"column":30},"end":{"line":274,"column":31}},"loc":{"start":{"line":274,"column":51},"end":{"line":289,"column":3}},"line":274},"34":{"name":"(anonymous_34)","decl":{"start":{"line":290,"column":20},"end":{"line":290,"column":21}},"loc":{"start":{"line":290,"column":41},"end":{"line":303,"column":3}},"line":290},"35":{"name":"(anonymous_35)","decl":{"start":{"line":304,"column":13},"end":{"line":304,"column":14}},"loc":{"start":{"line":304,"column":34},"end":{"line":311,"column":3}},"line":304},"36":{"name":"(anonymous_36)","decl":{"start":{"line":312,"column":10},"end":{"line":312,"column":11}},"loc":{"start":{"line":312,"column":31},"end":{"line":323,"column":3}},"line":312},"37":{"name":"(anonymous_37)","decl":{"start":{"line":324,"column":12},"end":{"line":324,"column":13}},"loc":{"start":{"line":324,"column":33},"end":{"line":340,"column":3}},"line":324},"38":{"name":"(anonymous_38)","decl":{"start":{"line":341,"column":12},"end":{"line":341,"column":13}},"loc":{"start":{"line":341,"column":33},"end":{"line":355,"column":3}},"line":341},"39":{"name":"(anonymous_39)","decl":{"start":{"line":356,"column":14},"end":{"line":356,"column":15}},"loc":{"start":{"line":356,"column":35},"end":{"line":374,"column":3}},"line":356},"40":{"name":"(anonymous_40)","decl":{"start":{"line":375,"column":11},"end":{"line":375,"column":12}},"loc":{"start":{"line":375,"column":32},"end":{"line":386,"column":3}},"line":375},"41":{"name":"(anonymous_41)","decl":{"start":{"line":387,"column":20},"end":{"line":387,"column":21}},"loc":{"start":{"line":387,"column":41},"end":{"line":393,"column":3}},"line":387},"42":{"name":"(anonymous_42)","decl":{"start":{"line":394,"column":22},"end":{"line":394,"column":23}},"loc":{"start":{"line":394,"column":43},"end":{"line":400,"column":3}},"line":394},"43":{"name":"(anonymous_43)","decl":{"start":{"line":401,"column":22},"end":{"line":401,"column":23}},"loc":{"start":{"line":401,"column":43},"end":{"line":407,"column":3}},"line":401},"44":{"name":"(anonymous_44)","decl":{"start":{"line":408,"column":24},"end":{"line":408,"column":25}},"loc":{"start":{"line":408,"column":45},"end":{"line":414,"column":3}},"line":408},"45":{"name":"(anonymous_45)","decl":{"start":{"line":454,"column":15},"end":{"line":454,"column":16}},"loc":{"start":{"line":454,"column":36},"end":{"line":465,"column":3}},"line":454},"46":{"name":"(anonymous_46)","decl":{"start":{"line":478,"column":15},"end":{"line":478,"column":16}},"loc":{"start":{"line":478,"column":36},"end":{"line":488,"column":3}},"line":478},"47":{"name":"(anonymous_47)","decl":{"start":{"line":489,"column":10},"end":{"line":489,"column":11}},"loc":{"start":{"line":489,"column":31},"end":{"line":496,"column":3}},"line":489},"48":{"name":"(anonymous_48)","decl":{"start":{"line":497,"column":14},"end":{"line":497,"column":15}},"loc":{"start":{"line":497,"column":35},"end":{"line":508,"column":3}},"line":497},"49":{"name":"(anonymous_49)","decl":{"start":{"line":509,"column":10},"end":{"line":509,"column":11}},"loc":{"start":{"line":509,"column":31},"end":{"line":520,"column":3}},"line":509},"50":{"name":"(anonymous_50)","decl":{"start":{"line":521,"column":14},"end":{"line":521,"column":15}},"loc":{"start":{"line":521,"column":35},"end":{"line":528,"column":3}},"line":521},"51":{"name":"(anonymous_51)","decl":{"start":{"line":529,"column":18},"end":{"line":529,"column":19}},"loc":{"start":{"line":529,"column":39},"end":{"line":536,"column":3}},"line":529},"52":{"name":"(anonymous_52)","decl":{"start":{"line":537,"column":17},"end":{"line":537,"column":18}},"loc":{"start":{"line":537,"column":38},"end":{"line":544,"column":3}},"line":537},"53":{"name":"(anonymous_53)","decl":{"start":{"line":545,"column":21},"end":{"line":545,"column":22}},"loc":{"start":{"line":545,"column":42},"end":{"line":553,"column":3}},"line":545},"54":{"name":"(anonymous_54)","decl":{"start":{"line":554,"column":16},"end":{"line":554,"column":17}},"loc":{"start":{"line":554,"column":37},"end":{"line":562,"column":3}},"line":554},"55":{"name":"(anonymous_55)","decl":{"start":{"line":563,"column":9},"end":{"line":563,"column":10}},"loc":{"start":{"line":563,"column":30},"end":{"line":573,"column":3}},"line":563},"56":{"name":"(anonymous_56)","decl":{"start":{"line":574,"column":16},"end":{"line":574,"column":17}},"loc":{"start":{"line":574,"column":37},"end":{"line":584,"column":3}},"line":574},"57":{"name":"(anonymous_57)","decl":{"start":{"line":585,"column":18},"end":{"line":585,"column":19}},"loc":{"start":{"line":585,"column":39},"end":{"line":595,"column":3}},"line":585},"58":{"name":"(anonymous_58)","decl":{"start":{"line":596,"column":18},"end":{"line":596,"column":19}},"loc":{"start":{"line":596,"column":39},"end":{"line":604,"column":3}},"line":596},"59":{"name":"(anonymous_59)","decl":{"start":{"line":605,"column":8},"end":{"line":605,"column":9}},"loc":{"start":{"line":605,"column":29},"end":{"line":625,"column":3}},"line":605},"60":{"name":"(anonymous_60)","decl":{"start":{"line":626,"column":11},"end":{"line":626,"column":12}},"loc":{"start":{"line":626,"column":32},"end":{"line":634,"column":3}},"line":626},"61":{"name":"(anonymous_61)","decl":{"start":{"line":635,"column":11},"end":{"line":635,"column":12}},"loc":{"start":{"line":635,"column":32},"end":{"line":641,"column":3}},"line":635},"62":{"name":"(anonymous_62)","decl":{"start":{"line":642,"column":11},"end":{"line":642,"column":12}},"loc":{"start":{"line":642,"column":32},"end":{"line":648,"column":3}},"line":642},"63":{"name":"(anonymous_63)","decl":{"start":{"line":649,"column":15},"end":{"line":649,"column":16}},"loc":{"start":{"line":649,"column":36},"end":{"line":657,"column":3}},"line":649},"64":{"name":"(anonymous_64)","decl":{"start":{"line":658,"column":15},"end":{"line":658,"column":16}},"loc":{"start":{"line":658,"column":36},"end":{"line":666,"column":3}},"line":658},"65":{"name":"(anonymous_65)","decl":{"start":{"line":667,"column":7},"end":{"line":667,"column":8}},"loc":{"start":{"line":667,"column":28},"end":{"line":672,"column":3}},"line":667}},"branchMap":{"0":{"loc":{"start":{"line":160,"column":11},"end":{"line":160,"column":86}},"type":"cond-expr","locations":[{"start":{"line":160,"column":78},"end":{"line":160,"column":81}},{"start":{"line":160,"column":84},"end":{"line":160,"column":86}}],"line":160}},"s":{"0":1,"1":1,"2":0,"3":0,"4":0,"5":0,"6":0,"7":0,"8":0,"9":0,"10":0,"11":0,"12":0,"13":0,"14":0,"15":0,"16":0,"17":0,"18":0,"19":0,"20":0,"21":0,"22":0,"23":0,"24":0,"25":0,"26":0,"27":0,"28":0,"29":0,"30":0,"31":0,"32":0,"33":0,"34":0,"35":0,"36":0,"37":0,"38":0,"39":0,"40":0,"41":0,"42":0,"43":0,"44":0,"45":0,"46":0,"47":0,"48":0,"49":0,"50":0,"51":0,"52":0,"53":0,"54":0,"55":0,"56":0,"57":0,"58":0,"59":0,"60":0,"61":0,"62":0,"63":0,"64":0,"65":0,"66":0,"67":0,"68":1,"69":1,"70":1},"f":{"0":0,"1":0,"2":0,"3":0,"4":0,"5":0,"6":0,"7":0,"8":0,"9":0,"10":0,"11":0,"12":0,"13":0,"14":0,"15":0,"16":0,"17":0,"18":0,"19":0,"20":0,"21":0,"22":0,"23":0,"24":0,"25":0,"26":0,"27":0,"28":0,"29":0,"30":0,"31":0,"32":0,"33":0,"34":0,"35":0,"36":0,"37":0,"38":0,"39":0,"40":0,"41":0,"42":0,"43":0,"44":0,"45":0,"46":0,"47":0,"48":0,"49":0,"50":0,"51":0,"52":0,"53":0,"54":0,"55":0,"56":0,"57":0,"58":0,"59":0,"60":0,"61":0,"62":0,"63":0,"64":0,"65":0},"b":{"0":[0,0]},"_coverageSchema":"43e27e138ebf9cfc5966b082cf9a028302ed4184","hash":"7f11846ed4db38170aeb239fe72b4962673445ab"}
,"/home/pouya/Projects/clio/tests/.clio-cache/test.clio.js": {"path":"/home/pouya/Projects/clio/tests/.clio-cache/test.clio.js","statementMap":{"0":{"start":{"line":1,"column":0},"end":{"line":120,"column":2}},"1":{"start":{"line":2,"column":4},"end":{"line":22,"column":32}},"2":{"start":{"line":3,"column":19},"end":{"line":17,"column":16}},"3":{"start":{"line":4,"column":24},"end":{"line":4,"column":59}},"4":{"start":{"line":5,"column":27},"end":{"line":5,"column":29}},"5":{"start":{"line":6,"column":29},"end":{"line":6,"column":38}},"6":{"start":{"line":7,"column":12},"end":{"line":9,"column":15}},"7":{"start":{"line":8,"column":16},"end":{"line":8,"column":46}},"8":{"start":{"line":10,"column":12},"end":{"line":16,"column":14}},"9":{"start":{"line":18,"column":8},"end":{"line":18,"column":52}},"10":{"start":{"line":19,"column":8},"end":{"line":19,"column":42}},"11":{"start":{"line":20,"column":8},"end":{"line":20,"column":42}},"12":{"start":{"line":21,"column":8},"end":{"line":21,"column":20}},"13":{"start":{"line":23,"column":4},"end":{"line":46,"column":29}},"14":{"start":{"line":24,"column":19},"end":{"line":41,"column":16}},"15":{"start":{"line":25,"column":24},"end":{"line":25,"column":59}},"16":{"start":{"line":26,"column":27},"end":{"line":26,"column":29}},"17":{"start":{"line":27,"column":29},"end":{"line":27,"column":38}},"18":{"start":{"line":28,"column":12},"end":{"line":30,"column":15}},"19":{"start":{"line":29,"column":16},"end":{"line":29,"column":46}},"20":{"start":{"line":31,"column":12},"end":{"line":40,"column":14}},"21":{"start":{"line":42,"column":8},"end":{"line":42,"column":52}},"22":{"start":{"line":43,"column":8},"end":{"line":43,"column":39}},"23":{"start":{"line":44,"column":8},"end":{"line":44,"column":42}},"24":{"start":{"line":45,"column":8},"end":{"line":45,"column":20}},"25":{"start":{"line":47,"column":4},"end":{"line":104,"column":29}},"26":{"start":{"line":48,"column":19},"end":{"line":99,"column":16}},"27":{"start":{"line":49,"column":24},"end":{"line":49,"column":59}},"28":{"start":{"line":50,"column":27},"end":{"line":50,"column":29}},"29":{"start":{"line":51,"column":29},"end":{"line":51,"column":38}},"30":{"start":{"line":52,"column":12},"end":{"line":54,"column":15}},"31":{"start":{"line":53,"column":16},"end":{"line":53,"column":46}},"32":{"start":{"line":55,"column":12},"end":{"line":98,"column":13}},"33":{"start":{"line":65,"column":16},"end":{"line":68,"column":18}},"34":{"start":{"line":70,"column":16},"end":{"line":97,"column":18}},"35":{"start":{"line":100,"column":8},"end":{"line":100,"column":52}},"36":{"start":{"line":101,"column":8},"end":{"line":101,"column":39}},"37":{"start":{"line":102,"column":8},"end":{"line":102,"column":42}},"38":{"start":{"line":103,"column":8},"end":{"line":103,"column":20}},"39":{"start":{"line":105,"column":4},"end":{"line":118,"column":8}},"40":{"start":{"line":106,"column":21},"end":{"line":106,"column":63}},"41":{"start":{"line":111,"column":16},"end":{"line":111,"column":83}},"42":{"start":{"line":119,"column":4},"end":{"line":119,"column":17}}},"fnMap":{"0":{"name":"(anonymous_0)","decl":{"start":{"line":1,"column":17},"end":{"line":1,"column":18}},"loc":{"start":{"line":1,"column":55},"end":{"line":120,"column":1}},"line":1},"1":{"name":"(anonymous_1)","decl":{"start":{"line":2,"column":30},"end":{"line":2,"column":31}},"loc":{"start":{"line":2,"column":46},"end":{"line":22,"column":5}},"line":2},"2":{"name":"(anonymous_2)","decl":{"start":{"line":3,"column":33},"end":{"line":3,"column":34}},"loc":{"start":{"line":3,"column":51},"end":{"line":17,"column":9}},"line":3},"3":{"name":"(anonymous_3)","decl":{"start":{"line":7,"column":26},"end":{"line":7,"column":27}},"loc":{"start":{"line":7,"column":47},"end":{"line":9,"column":13}},"line":7},"4":{"name":"(anonymous_4)","decl":{"start":{"line":23,"column":30},"end":{"line":23,"column":31}},"loc":{"start":{"line":23,"column":46},"end":{"line":46,"column":5}},"line":23},"5":{"name":"(anonymous_5)","decl":{"start":{"line":24,"column":33},"end":{"line":24,"column":34}},"loc":{"start":{"line":24,"column":54},"end":{"line":41,"column":9}},"line":24},"6":{"name":"(anonymous_6)","decl":{"start":{"line":28,"column":31},"end":{"line":28,"column":32}},"loc":{"start":{"line":28,"column":52},"end":{"line":30,"column":13}},"line":28},"7":{"name":"(anonymous_7)","decl":{"start":{"line":47,"column":30},"end":{"line":47,"column":31}},"loc":{"start":{"line":47,"column":46},"end":{"line":104,"column":5}},"line":47},"8":{"name":"(anonymous_8)","decl":{"start":{"line":48,"column":33},"end":{"line":48,"column":34}},"loc":{"start":{"line":48,"column":51},"end":{"line":99,"column":9}},"line":48},"9":{"name":"(anonymous_9)","decl":{"start":{"line":52,"column":26},"end":{"line":52,"column":27}},"loc":{"start":{"line":52,"column":47},"end":{"line":54,"column":13}},"line":52},"10":{"name":"(anonymous_10)","decl":{"start":{"line":106,"column":8},"end":{"line":106,"column":9}},"loc":{"start":{"line":106,"column":21},"end":{"line":106,"column":63}},"line":106},"11":{"name":"(anonymous_11)","decl":{"start":{"line":111,"column":8},"end":{"line":111,"column":9}},"loc":{"start":{"line":111,"column":16},"end":{"line":111,"column":83}},"line":111}},"branchMap":{"0":{"loc":{"start":{"line":55,"column":12},"end":{"line":98,"column":13}},"type":"if","locations":[{"start":{"line":55,"column":12},"end":{"line":98,"column":13}},{"start":{"line":55,"column":12},"end":{"line":98,"column":13}}],"line":55},"1":{"loc":{"start":{"line":109,"column":35},"end":{"line":109,"column":129}},"type":"cond-expr","locations":[{"start":{"line":109,"column":123},"end":{"line":109,"column":124}},{"start":{"line":109,"column":127},"end":{"line":109,"column":129}}],"line":109}},"s":{"0":1,"1":1,"2":1,"3":2,"4":2,"5":2,"6":2,"7":2,"8":2,"9":1,"10":1,"11":1,"12":1,"13":1,"14":1,"15":1,"16":1,"17":1,"18":1,"19":2,"20":1,"21":1,"22":1,"23":1,"24":1,"25":1,"26":1,"27":11,"28":11,"29":11,"30":11,"31":11,"32":11,"33":2,"34":9,"35":1,"36":1,"37":1,"38":1,"39":1,"40":101,"41":102,"42":1},"f":{"0":1,"1":1,"2":2,"3":2,"4":1,"5":1,"6":2,"7":1,"8":11,"9":11,"10":101,"11":102},"b":{"0":[2,9],"1":[1,0]},"_coverageSchema":"43e27e138ebf9cfc5966b082cf9a028302ed4184","hash":"c270e5990af6350fdb90265dec4d8c9d5ca43719"}
}
