TN:
SF:/home/pouya/Projects/clio/common.js
FN:5,(anonymous_0)
FN:10,(anonymous_1)
FN:15,(anonymous_2)
FN:19,(anonymous_3)
FN:29,extend_array
FN:42,exception_handler
FN:49,resolve_and_print
FN:64,(anonymous_7)
FN:92,throw_error
FN:103,(anonymous_9)
FN:123,cast_to_bool
FNF:11
FNH:0
FNDA:0,(anonymous_0)
FNDA:0,(anonymous_1)
FNDA:0,(anonymous_2)
FNDA:0,(anonymous_3)
FNDA:0,extend_array
FNDA:0,exception_handler
FNDA:0,resolve_and_print
FNDA:0,(anonymous_7)
FNDA:0,throw_error
FNDA:0,(anonymous_9)
FNDA:0,cast_to_bool
DA:2,1
DA:6,0
DA:7,0
DA:8,0
DA:11,0
DA:12,0
DA:16,0
DA:17,0
DA:18,0
DA:19,0
DA:20,0
DA:22,0
DA:24,0
DA:25,0
DA:30,0
DA:31,0
DA:33,0
DA:34,0
DA:36,0
DA:37,0
DA:39,0
DA:43,0
DA:44,0
DA:46,0
DA:50,0
DA:51,0
DA:52,0
DA:53,0
DA:55,0
DA:56,0
DA:57,0
DA:58,0
DA:59,0
DA:60,0
DA:63,0
DA:64,0
DA:65,0
DA:67,0
DA:68,0
DA:69,0
DA:72,0
DA:73,0
DA:74,0
DA:75,0
DA:76,0
DA:77,0
DA:78,0
DA:79,0
DA:80,0
DA:81,0
DA:82,0
DA:84,0
DA:85,0
DA:86,0
DA:87,0
DA:88,0
DA:89,0
DA:93,0
DA:94,0
DA:95,0
DA:97,0
DA:98,0
DA:99,0
DA:100,0
DA:102,0
DA:103,0
DA:104,0
DA:106,0
DA:107,0
DA:108,0
DA:110,0
DA:111,0
DA:112,0
DA:113,0
DA:114,0
DA:115,0
DA:117,0
DA:118,0
DA:119,0
DA:120,0
DA:124,0
DA:126,0
DA:128,0
DA:130,0
DA:132,0
DA:133,0
DA:135,0
DA:137,0
DA:139,0
DA:141,0
DA:145,1
DA:146,1
DA:147,1
DA:148,1
DA:149,1
LF:95
LH:6
BRDA:18,0,0,0
BRDA:18,0,1,0
BRDA:30,1,0,0
BRDA:30,1,1,0
BRDA:31,2,0,0
BRDA:31,2,1,0
BRDA:33,3,0,0
BRDA:33,3,1,0
BRDA:34,4,0,0
BRDA:34,4,1,0
BRDA:43,5,0,0
BRDA:43,5,1,0
BRDA:59,6,0,0
BRDA:59,6,1,0
BRDA:124,7,0,0
BRDA:124,7,1,0
BRDA:124,7,2,0
BRDA:124,7,3,0
BRDA:124,7,4,0
BRDA:124,7,5,0
BRDA:124,7,6,0
BRDA:132,8,0,0
BRDA:132,8,1,0
BRF:23
BRH:0
end_of_record
TN:
SF:/home/pouya/Projects/clio/evaluator/analyzer.js
FN:5,analyzer
FN:17,make_return
FN:46,(anonymous_2)
FN:52,(anonymous_3)
FN:58,(anonymous_4)
FN:63,(anonymous_5)
FN:85,(anonymous_6)
FN:94,(anonymous_7)
FN:99,(anonymous_8)
FN:104,(anonymous_9)
FN:107,(anonymous_10)
FN:110,(anonymous_11)
FN:116,(anonymous_12)
FN:125,(anonymous_13)
FN:128,(anonymous_14)
FN:131,(anonymous_15)
FN:134,(anonymous_16)
FN:137,(anonymous_17)
FN:140,(anonymous_18)
FN:141,(anonymous_19)
FN:153,(anonymous_20)
FN:169,(anonymous_21)
FN:185,(anonymous_22)
FN:200,(anonymous_23)
FN:205,(anonymous_24)
FN:210,(anonymous_25)
FN:213,(anonymous_26)
FN:230,(anonymous_27)
FN:231,(anonymous_28)
FN:234,(anonymous_29)
FN:241,(anonymous_30)
FN:248,(anonymous_31)
FN:253,(anonymous_32)
FN:254,(anonymous_33)
FN:261,(anonymous_34)
FN:264,(anonymous_35)
FN:289,(anonymous_36)
FN:298,(anonymous_37)
FN:310,(anonymous_38)
FN:319,(anonymous_39)
FN:330,(anonymous_40)
FN:342,(anonymous_41)
FN:351,(anonymous_42)
FN:370,(anonymous_43)
FN:402,(anonymous_44)
FN:412,(anonymous_45)
FN:415,(anonymous_46)
FN:442,(anonymous_47)
FN:449,(anonymous_48)
FN:453,(anonymous_49)
FN:462,(anonymous_50)
FN:471,(anonymous_51)
FN:476,(anonymous_52)
FN:484,(anonymous_53)
FN:496,(anonymous_54)
FN:501,(anonymous_55)
FN:510,(anonymous_56)
FN:523,(anonymous_57)
FN:529,(anonymous_58)
FN:550,(anonymous_59)
FN:553,(anonymous_60)
FN:565,(anonymous_61)
FN:572,(anonymous_62)
FN:582,(anonymous_63)
FN:589,(anonymous_64)
FN:599,(anonymous_65)
FN:606,(anonymous_66)
FN:616,(anonymous_67)
FN:623,(anonymous_68)
FN:633,(anonymous_69)
FN:666,(anonymous_70)
FN:671,(anonymous_71)
FN:673,(anonymous_72)
FN:682,(anonymous_73)
FN:683,(anonymous_74)
FN:722,(anonymous_75)
FN:728,(anonymous_76)
FN:733,(anonymous_77)
FN:735,(anonymous_78)
FN:740,(anonymous_79)
FN:741,(anonymous_80)
FN:763,(anonymous_81)
FN:768,(anonymous_82)
FN:770,(anonymous_83)
FN:777,(anonymous_84)
FN:778,(anonymous_85)
FN:800,(anonymous_86)
FN:805,(anonymous_87)
FN:807,(anonymous_88)
FN:818,(anonymous_89)
FN:820,(anonymous_90)
FN:821,(anonymous_91)
FN:822,(anonymous_92)
FN:844,(anonymous_93)
FN:853,(anonymous_94)
FN:862,(anonymous_95)
FN:867,(anonymous_96)
FN:869,(anonymous_97)
FN:878,(anonymous_98)
FN:879,(anonymous_99)
FN:905,(anonymous_100)
FN:914,(anonymous_101)
FN:922,transform
FN:970,(anonymous_103)
FN:1002,(anonymous_104)
FN:1008,(anonymous_105)
FN:1010,(anonymous_106)
FN:1012,(anonymous_107)
FN:1021,(anonymous_108)
FN:1030,(anonymous_109)
FN:1032,(anonymous_110)
FN:1037,(anonymous_111)
FN:1044,(anonymous_112)
FN:1050,(anonymous_113)
FN:1058,(anonymous_114)
FN:1060,(anonymous_115)
FN:1071,analyze
FN:1073,(anonymous_117)
FN:1087,(anonymous_118)
FN:1089,(anonymous_119)
FN:1101,(anonymous_120)
FNF:121
FNH:0
FNDA:0,analyzer
FNDA:0,make_return
FNDA:0,(anonymous_2)
FNDA:0,(anonymous_3)
FNDA:0,(anonymous_4)
FNDA:0,(anonymous_5)
FNDA:0,(anonymous_6)
FNDA:0,(anonymous_7)
FNDA:0,(anonymous_8)
FNDA:0,(anonymous_9)
FNDA:0,(anonymous_10)
FNDA:0,(anonymous_11)
FNDA:0,(anonymous_12)
FNDA:0,(anonymous_13)
FNDA:0,(anonymous_14)
FNDA:0,(anonymous_15)
FNDA:0,(anonymous_16)
FNDA:0,(anonymous_17)
FNDA:0,(anonymous_18)
FNDA:0,(anonymous_19)
FNDA:0,(anonymous_20)
FNDA:0,(anonymous_21)
FNDA:0,(anonymous_22)
FNDA:0,(anonymous_23)
FNDA:0,(anonymous_24)
FNDA:0,(anonymous_25)
FNDA:0,(anonymous_26)
FNDA:0,(anonymous_27)
FNDA:0,(anonymous_28)
FNDA:0,(anonymous_29)
FNDA:0,(anonymous_30)
FNDA:0,(anonymous_31)
FNDA:0,(anonymous_32)
FNDA:0,(anonymous_33)
FNDA:0,(anonymous_34)
FNDA:0,(anonymous_35)
FNDA:0,(anonymous_36)
FNDA:0,(anonymous_37)
FNDA:0,(anonymous_38)
FNDA:0,(anonymous_39)
FNDA:0,(anonymous_40)
FNDA:0,(anonymous_41)
FNDA:0,(anonymous_42)
FNDA:0,(anonymous_43)
FNDA:0,(anonymous_44)
FNDA:0,(anonymous_45)
FNDA:0,(anonymous_46)
FNDA:0,(anonymous_47)
FNDA:0,(anonymous_48)
FNDA:0,(anonymous_49)
FNDA:0,(anonymous_50)
FNDA:0,(anonymous_51)
FNDA:0,(anonymous_52)
FNDA:0,(anonymous_53)
FNDA:0,(anonymous_54)
FNDA:0,(anonymous_55)
FNDA:0,(anonymous_56)
FNDA:0,(anonymous_57)
FNDA:0,(anonymous_58)
FNDA:0,(anonymous_59)
FNDA:0,(anonymous_60)
FNDA:0,(anonymous_61)
FNDA:0,(anonymous_62)
FNDA:0,(anonymous_63)
FNDA:0,(anonymous_64)
FNDA:0,(anonymous_65)
FNDA:0,(anonymous_66)
FNDA:0,(anonymous_67)
FNDA:0,(anonymous_68)
FNDA:0,(anonymous_69)
FNDA:0,(anonymous_70)
FNDA:0,(anonymous_71)
FNDA:0,(anonymous_72)
FNDA:0,(anonymous_73)
FNDA:0,(anonymous_74)
FNDA:0,(anonymous_75)
FNDA:0,(anonymous_76)
FNDA:0,(anonymous_77)
FNDA:0,(anonymous_78)
FNDA:0,(anonymous_79)
FNDA:0,(anonymous_80)
FNDA:0,(anonymous_81)
FNDA:0,(anonymous_82)
FNDA:0,(anonymous_83)
FNDA:0,(anonymous_84)
FNDA:0,(anonymous_85)
FNDA:0,(anonymous_86)
FNDA:0,(anonymous_87)
FNDA:0,(anonymous_88)
FNDA:0,(anonymous_89)
FNDA:0,(anonymous_90)
FNDA:0,(anonymous_91)
FNDA:0,(anonymous_92)
FNDA:0,(anonymous_93)
FNDA:0,(anonymous_94)
FNDA:0,(anonymous_95)
FNDA:0,(anonymous_96)
FNDA:0,(anonymous_97)
FNDA:0,(anonymous_98)
FNDA:0,(anonymous_99)
FNDA:0,(anonymous_100)
FNDA:0,(anonymous_101)
FNDA:0,transform
FNDA:0,(anonymous_103)
FNDA:0,(anonymous_104)
FNDA:0,(anonymous_105)
FNDA:0,(anonymous_106)
FNDA:0,(anonymous_107)
FNDA:0,(anonymous_108)
FNDA:0,(anonymous_109)
FNDA:0,(anonymous_110)
FNDA:0,(anonymous_111)
FNDA:0,(anonymous_112)
FNDA:0,(anonymous_113)
FNDA:0,(anonymous_114)
FNDA:0,(anonymous_115)
FNDA:0,analyze
FNDA:0,(anonymous_117)
FNDA:0,(anonymous_118)
FNDA:0,(anonymous_119)
FNDA:0,(anonymous_120)
DA:1,1
DA:2,1
DA:3,1
DA:18,0
DA:20,0
DA:21,0
DA:22,0
DA:23,0
DA:24,0
DA:26,0
DA:27,0
DA:33,0
DA:34,0
DA:35,0
DA:36,0
DA:37,0
DA:39,0
DA:45,0
DA:47,0
DA:48,0
DA:53,0
DA:54,0
DA:59,0
DA:64,0
DA:86,0
DA:87,0
DA:88,0
DA:89,0
DA:90,0
DA:95,0
DA:100,0
DA:105,0
DA:108,0
DA:111,0
DA:112,0
DA:117,0
DA:118,0
DA:119,0
DA:120,0
DA:121,0
DA:126,0
DA:129,0
DA:132,0
DA:135,0
DA:138,0
DA:141,0
DA:142,0
DA:144,0
DA:145,0
DA:156,0
DA:158,0
DA:159,0
DA:160,0
DA:161,0
DA:163,0
DA:164,0
DA:165,0
DA:170,0
DA:171,0
DA:173,0
DA:174,0
DA:175,0
DA:177,0
DA:186,0
DA:187,0
DA:188,0
DA:189,0
DA:190,0
DA:191,0
DA:192,0
DA:201,0
DA:202,0
DA:203,0
DA:204,0
DA:205,0
DA:206,0
DA:211,0
DA:214,0
DA:215,0
DA:216,0
DA:217,0
DA:218,0
DA:225,0
DA:226,0
DA:231,0
DA:232,0
DA:233,0
DA:234,0
DA:235,0
DA:240,0
DA:241,0
DA:242,0
DA:248,0
DA:249,0
DA:251,0
DA:254,0
DA:255,0
DA:257,0
DA:262,0
DA:265,0
DA:266,0
DA:267,0
DA:271,0
DA:272,0
DA:290,0
DA:291,0
DA:292,0
DA:293,0
DA:299,0
DA:300,0
DA:301,0
DA:305,0
DA:306,0
DA:307,0
DA:308,0
DA:309,0
DA:310,0
DA:311,0
DA:312,0
DA:314,0
DA:320,0
DA:321,0
DA:322,0
DA:323,0
DA:324,0
DA:331,0
DA:332,0
DA:333,0
DA:337,0
DA:338,0
DA:339,0
DA:340,0
DA:341,0
DA:342,0
DA:343,0
DA:344,0
DA:346,0
DA:352,0
DA:353,0
DA:354,0
DA:355,0
DA:356,0
DA:357,0
DA:359,0
DA:361,0
DA:365,0
DA:366,0
DA:371,0
DA:372,0
DA:373,0
DA:374,0
DA:375,0
DA:376,0
DA:378,0
DA:380,0
DA:382,0
DA:383,0
DA:384,0
DA:391,0
DA:393,0
DA:397,0
DA:398,0
DA:403,0
DA:404,0
DA:405,0
DA:408,0
DA:409,0
DA:410,0
DA:412,0
DA:413,0
DA:414,0
DA:415,0
DA:416,0
DA:417,0
DA:418,0
DA:419,0
DA:420,0
DA:421,0
DA:422,0
DA:423,0
DA:424,0
DA:425,0
DA:426,0
DA:427,0
DA:428,0
DA:429,0
DA:430,0
DA:431,0
DA:432,0
DA:434,0
DA:437,0
DA:443,0
DA:444,0
DA:450,0
DA:451,0
DA:452,0
DA:453,0
DA:454,0
DA:455,0
DA:456,0
DA:458,0
DA:460,0
DA:461,0
DA:462,0
DA:463,0
DA:466,0
DA:472,0
DA:473,0
DA:474,0
DA:475,0
DA:476,0
DA:477,0
DA:478,0
DA:485,0
DA:486,0
DA:487,0
DA:488,0
DA:489,0
DA:490,0
DA:497,0
DA:498,0
DA:499,0
DA:500,0
DA:501,0
DA:502,0
DA:503,0
DA:511,0
DA:512,0
DA:513,0
DA:514,0
DA:515,0
DA:516,0
DA:524,0
DA:525,0
DA:530,0
DA:531,0
DA:532,0
DA:536,0
DA:544,0
DA:545,0
DA:551,0
DA:554,0
DA:557,0
DA:558,0
DA:559,0
DA:560,0
DA:566,0
DA:567,0
DA:568,0
DA:569,0
DA:570,0
DA:571,0
DA:572,0
DA:573,0
DA:574,0
DA:576,0
DA:577,0
DA:578,0
DA:583,0
DA:584,0
DA:585,0
DA:586,0
DA:587,0
DA:588,0
DA:589,0
DA:590,0
DA:591,0
DA:593,0
DA:594,0
DA:595,0
DA:600,0
DA:601,0
DA:602,0
DA:603,0
DA:604,0
DA:605,0
DA:606,0
DA:607,0
DA:608,0
DA:610,0
DA:611,0
DA:612,0
DA:617,0
DA:618,0
DA:619,0
DA:620,0
DA:621,0
DA:622,0
DA:623,0
DA:624,0
DA:625,0
DA:627,0
DA:628,0
DA:629,0
DA:634,0
DA:635,0
DA:636,0
DA:637,0
DA:638,0
DA:650,0
DA:651,0
DA:652,0
DA:653,0
DA:654,0
DA:655,0
DA:662,0
DA:667,0
DA:668,0
DA:669,0
DA:670,0
DA:671,0
DA:672,0
DA:673,0
DA:675,0
DA:681,0
DA:682,0
DA:683,0
DA:684,0
DA:685,0
DA:702,0
DA:723,0
DA:724,0
DA:725,0
DA:726,0
DA:728,0
DA:730,0
DA:731,0
DA:732,0
DA:733,0
DA:734,0
DA:735,0
DA:737,0
DA:739,0
DA:740,0
DA:741,0
DA:742,0
DA:764,0
DA:765,0
DA:766,0
DA:767,0
DA:768,0
DA:769,0
DA:770,0
DA:772,0
DA:774,0
DA:776,0
DA:777,0
DA:778,0
DA:779,0
DA:801,0
DA:802,0
DA:803,0
DA:804,0
DA:805,0
DA:806,0
DA:807,0
DA:809,0
DA:811,0
DA:813,0
DA:814,0
DA:815,0
DA:816,0
DA:818,0
DA:820,0
DA:821,0
DA:822,0
DA:823,0
DA:845,0
DA:846,0
DA:847,0
DA:848,0
DA:854,0
DA:855,0
DA:856,0
DA:857,0
DA:863,0
DA:864,0
DA:865,0
DA:866,0
DA:867,0
DA:868,0
DA:869,0
DA:871,0
DA:877,0
DA:878,0
DA:879,0
DA:880,0
DA:881,0
DA:893,0
DA:906,0
DA:915,0
DA:916,0
DA:918,0
DA:919,0
DA:923,0
DA:924,0
DA:925,0
DA:926,0
DA:927,0
DA:928,0
DA:935,0
DA:936,0
DA:937,0
DA:944,0
DA:946,0
DA:947,0
DA:948,0
DA:949,0
DA:950,0
DA:957,0
DA:958,0
DA:960,0
DA:961,0
DA:962,0
DA:967,0
DA:970,0
DA:971,0
DA:972,0
DA:975,0
DA:976,0
DA:979,0
DA:996,0
DA:997,0
DA:1003,0
DA:1004,0
DA:1005,0
DA:1006,0
DA:1009,0
DA:1010,0
DA:1011,0
DA:1012,0
DA:1014,0
DA:1016,0
DA:1022,0
DA:1023,0
DA:1024,0
DA:1025,0
DA:1030,0
DA:1031,0
DA:1032,0
DA:1034,0
DA:1036,0
DA:1037,0
DA:1039,0
DA:1045,0
DA:1046,0
DA:1047,0
DA:1048,0
DA:1051,0
DA:1052,0
DA:1057,0
DA:1058,0
DA:1059,0
DA:1060,0
DA:1062,0
DA:1064,0
DA:1072,0
DA:1073,0
DA:1074,0
DA:1075,0
DA:1076,0
DA:1079,0
DA:1080,0
DA:1082,0
DA:1085,0
DA:1086,0
DA:1087,0
DA:1088,0
DA:1089,0
DA:1090,0
DA:1101,0
DA:1103,0
DA:1108,0
DA:1111,1
LF:474
LH:4
BRDA:18,0,0,0
BRDA:18,0,1,0
BRDA:23,1,0,0
BRDA:23,1,1,0
BRDA:26,2,0,0
BRDA:26,2,1,0
BRDA:170,3,0,0
BRDA:170,3,1,0
BRDA:171,4,0,0
BRDA:171,4,1,0
BRDA:186,5,0,0
BRDA:186,5,1,0
BRDA:187,6,0,0
BRDA:187,6,1,0
BRDA:233,7,0,0
BRDA:233,7,1,0
BRDA:240,8,0,0
BRDA:240,8,1,0
BRDA:355,9,0,0
BRDA:355,9,1,0
BRDA:374,10,0,0
BRDA:374,10,1,0
BRDA:380,11,0,0
BRDA:380,11,1,0
BRDA:416,12,0,0
BRDA:416,12,1,0
BRDA:419,13,0,0
BRDA:419,13,1,0
BRDA:421,14,0,0
BRDA:421,14,1,0
BRDA:423,15,0,0
BRDA:423,15,1,0
BRDA:425,16,0,0
BRDA:425,16,1,0
BRDA:427,17,0,0
BRDA:427,17,1,0
BRDA:429,18,0,0
BRDA:429,18,1,0
BRDA:431,19,0,0
BRDA:431,19,1,0
BRDA:450,20,0,0
BRDA:450,20,1,0
BRDA:452,21,0,0
BRDA:452,21,1,0
BRDA:455,22,0,0
BRDA:455,22,1,0
BRDA:562,23,0,0
BRDA:562,23,1,0
BRDA:562,24,0,0
BRDA:562,24,1,0
BRDA:672,25,0,0
BRDA:672,25,1,0
BRDA:684,26,0,0
BRDA:684,26,1,0
BRDA:725,27,0,0
BRDA:725,27,1,0
BRDA:734,28,0,0
BRDA:734,28,1,0
BRDA:769,29,0,0
BRDA:769,29,1,0
BRDA:806,30,0,0
BRDA:806,30,1,0
BRDA:815,31,0,0
BRDA:815,31,1,0
BRDA:868,32,0,0
BRDA:868,32,1,0
BRDA:880,33,0,0
BRDA:880,33,1,0
BRDA:918,34,0,0
BRDA:918,34,1,0
BRDA:923,35,0,0
BRDA:923,35,1,0
BRDA:926,36,0,0
BRDA:926,36,1,0
BRDA:935,37,0,0
BRDA:935,37,1,0
BRDA:944,38,0,0
BRDA:944,38,1,0
BRDA:947,39,0,0
BRDA:947,39,1,0
BRDA:949,40,0,0
BRDA:949,40,1,0
BRDA:958,41,0,0
BRDA:958,41,1,0
BRDA:961,42,0,0
BRDA:961,42,1,0
BRDA:975,43,0,0
BRDA:975,43,1,0
BRDA:1011,44,0,0
BRDA:1011,44,1,0
BRDA:1024,45,0,0
BRDA:1024,45,1,0
BRDA:1031,46,0,0
BRDA:1031,46,1,0
BRDA:1036,47,0,0
BRDA:1036,47,1,0
BRDA:1051,48,0,0
BRDA:1051,48,1,0
BRDA:1059,49,0,0
BRDA:1059,49,1,0
BRDA:1072,50,0,0
BRDA:1072,50,1,0
BRDA:1075,51,0,0
BRDA:1075,51,1,0
BRDA:1080,52,0,0
BRDA:1080,52,1,0
BRDA:1088,53,0,0
BRDA:1088,53,1,0
BRDA:1101,54,0,0
BRDA:1101,54,1,0
BRF:110
BRH:0
end_of_record
TN:
SF:/home/pouya/Projects/clio/internals/builtins.js
FN:18,(anonymous_0)
FN:33,(anonymous_1)
FN:37,(anonymous_2)
FN:45,(anonymous_3)
FN:51,(anonymous_4)
FN:56,(anonymous_5)
FN:66,(anonymous_6)
FN:83,(anonymous_7)
FN:84,(anonymous_8)
FN:87,(anonymous_9)
FN:105,(anonymous_10)
FN:135,(anonymous_11)
FN:145,(anonymous_12)
FN:150,(anonymous_13)
FN:154,(anonymous_14)
FN:169,(anonymous_15)
FN:200,(anonymous_16)
FN:202,(anonymous_17)
FN:203,(anonymous_18)
FN:208,(anonymous_19)
FN:209,(anonymous_20)
FN:212,(anonymous_21)
FN:213,(anonymous_22)
FN:217,(anonymous_23)
FN:219,(anonymous_24)
FN:241,(anonymous_25)
FN:244,(anonymous_26)
FN:247,(anonymous_27)
FN:249,(anonymous_28)
FN:252,(anonymous_29)
FN:255,(anonymous_30)
FN:265,(anonymous_31)
FN:267,(anonymous_32)
FN:272,(anonymous_33)
FN:277,(anonymous_34)
FN:282,(anonymous_35)
FN:284,(anonymous_36)
FN:289,(anonymous_37)
FN:291,(anonymous_38)
FN:296,(anonymous_39)
FN:298,(anonymous_40)
FN:303,(anonymous_41)
FN:305,(anonymous_42)
FN:310,(anonymous_43)
FN:317,(anonymous_44)
FN:321,(anonymous_45)
FN:328,(anonymous_46)
FN:332,(anonymous_47)
FN:336,(anonymous_48)
FN:340,(anonymous_49)
FN:344,(anonymous_50)
FN:350,(anonymous_51)
FN:354,(anonymous_52)
FN:358,(anonymous_53)
FN:363,(anonymous_54)
FN:374,(anonymous_55)
FN:385,(anonymous_56)
FN:400,(anonymous_57)
FN:401,(anonymous_58)
FN:406,(anonymous_59)
FN:408,(anonymous_60)
FN:409,(anonymous_61)
FN:416,(anonymous_62)
FN:420,(anonymous_63)
FN:469,(anonymous_64)
FN:472,(anonymous_65)
FN:501,(anonymous_66)
FN:510,(anonymous_67)
FN:513,(anonymous_68)
FN:521,(anonymous_69)
FN:524,(anonymous_70)
FN:531,(anonymous_71)
FN:538,(anonymous_72)
FN:540,(anonymous_73)
FN:541,(anonymous_74)
FN:549,(anonymous_75)
FN:553,(anonymous_76)
FN:555,(anonymous_77)
FNF:78
FNH:16
FNDA:5,(anonymous_0)
FNDA:5,(anonymous_1)
FNDA:4,(anonymous_2)
FNDA:0,(anonymous_3)
FNDA:3,(anonymous_4)
FNDA:4,(anonymous_5)
FNDA:0,(anonymous_6)
FNDA:0,(anonymous_7)
FNDA:0,(anonymous_8)
FNDA:0,(anonymous_9)
FNDA:0,(anonymous_10)
FNDA:54,(anonymous_11)
FNDA:124,(anonymous_12)
FNDA:0,(anonymous_13)
FNDA:0,(anonymous_14)
FNDA:95,(anonymous_15)
FNDA:1,(anonymous_16)
FNDA:0,(anonymous_17)
FNDA:0,(anonymous_18)
FNDA:0,(anonymous_19)
FNDA:0,(anonymous_20)
FNDA:1,(anonymous_21)
FNDA:0,(anonymous_22)
FNDA:0,(anonymous_23)
FNDA:0,(anonymous_24)
FNDA:0,(anonymous_25)
FNDA:1,(anonymous_26)
FNDA:0,(anonymous_27)
FNDA:0,(anonymous_28)
FNDA:0,(anonymous_29)
FNDA:0,(anonymous_30)
FNDA:18,(anonymous_31)
FNDA:0,(anonymous_32)
FNDA:17,(anonymous_33)
FNDA:0,(anonymous_34)
FNDA:0,(anonymous_35)
FNDA:0,(anonymous_36)
FNDA:2,(anonymous_37)
FNDA:0,(anonymous_38)
FNDA:0,(anonymous_39)
FNDA:0,(anonymous_40)
FNDA:0,(anonymous_41)
FNDA:0,(anonymous_42)
FNDA:11,(anonymous_43)
FNDA:0,(anonymous_44)
FNDA:0,(anonymous_45)
FNDA:11,(anonymous_46)
FNDA:0,(anonymous_47)
FNDA:0,(anonymous_48)
FNDA:0,(anonymous_49)
FNDA:0,(anonymous_50)
FNDA:0,(anonymous_51)
FNDA:0,(anonymous_52)
FNDA:0,(anonymous_53)
FNDA:0,(anonymous_54)
FNDA:0,(anonymous_55)
FNDA:0,(anonymous_56)
FNDA:0,(anonymous_57)
FNDA:0,(anonymous_58)
FNDA:0,(anonymous_59)
FNDA:0,(anonymous_60)
FNDA:0,(anonymous_61)
FNDA:0,(anonymous_62)
FNDA:0,(anonymous_63)
FNDA:0,(anonymous_64)
FNDA:0,(anonymous_65)
FNDA:0,(anonymous_66)
FNDA:0,(anonymous_67)
FNDA:0,(anonymous_68)
FNDA:0,(anonymous_69)
FNDA:0,(anonymous_70)
FNDA:0,(anonymous_71)
FNDA:0,(anonymous_72)
FNDA:0,(anonymous_73)
FNDA:0,(anonymous_74)
FNDA:0,(anonymous_75)
FNDA:0,(anonymous_76)
FNDA:0,(anonymous_77)
DA:1,1
DA:2,1
DA:3,1
DA:4,1
DA:6,1
DA:8,1
DA:9,1
DA:10,1
DA:11,1
DA:12,1
DA:13,1
DA:14,1
DA:15,1
DA:16,1
DA:18,1
DA:19,5
DA:21,0
DA:23,0
DA:25,0
DA:27,5
DA:33,1
DA:34,5
DA:37,1
DA:38,4
DA:39,4
DA:40,4
DA:41,4
DA:42,4
DA:44,0
DA:45,0
DA:46,0
DA:51,1
DA:52,3
DA:53,0
DA:54,0
DA:56,3
DA:57,4
DA:58,4
DA:60,3
DA:61,3
DA:63,3
DA:65,3
DA:66,3
DA:67,0
DA:68,0
DA:70,0
DA:72,0
DA:73,0
DA:75,0
DA:77,0
DA:79,3
DA:80,3
DA:83,1
DA:84,0
DA:85,0
DA:87,0
DA:88,0
DA:89,0
DA:91,0
DA:92,0
DA:94,0
DA:95,0
DA:96,0
DA:97,0
DA:99,0
DA:100,0
DA:101,0
DA:102,0
DA:105,1
DA:107,0
DA:113,0
DA:127,0
DA:129,0
DA:130,0
DA:132,0
DA:135,1
DA:136,54
DA:137,54
DA:139,0
DA:140,0
DA:142,0
DA:145,1
DA:146,124
DA:148,124
DA:149,0
DA:150,0
DA:151,0
DA:154,124
DA:155,124
DA:156,76
DA:157,76
DA:158,76
DA:159,76
DA:161,124
DA:162,29
DA:163,29
DA:164,0
DA:166,29
DA:168,95
DA:169,95
DA:170,95
DA:171,0
DA:172,0
DA:173,0
DA:175,0
DA:176,95
DA:177,0
DA:178,0
DA:180,95
DA:182,95
DA:183,95
DA:184,0
DA:185,0
DA:186,0
DA:188,0
DA:190,95
DA:191,95
DA:192,41
DA:194,95
DA:195,30
DA:197,95
DA:200,1
DA:201,1
DA:202,0
DA:203,0
DA:205,1
DA:206,1
DA:207,1
DA:208,0
DA:209,0
DA:212,1
DA:213,1
DA:217,0
DA:218,0
DA:219,0
DA:220,0
DA:221,0
DA:222,0
DA:223,0
DA:225,0
DA:226,0
DA:227,0
DA:228,0
DA:230,0
DA:232,0
DA:233,0
DA:234,0
DA:236,0
DA:238,0
DA:239,0
DA:241,0
DA:244,1
DA:245,1
DA:246,1
DA:247,1
DA:249,0
DA:252,1
DA:253,0
DA:254,0
DA:255,0
DA:256,0
DA:259,0
DA:260,0
DA:262,0
DA:265,1
DA:266,18
DA:267,0
DA:269,18
DA:272,1
DA:273,17
DA:274,0
DA:276,17
DA:277,0
DA:279,17
DA:282,1
DA:283,0
DA:284,0
DA:286,0
DA:289,1
DA:290,2
DA:291,0
DA:293,2
DA:296,1
DA:297,0
DA:298,0
DA:300,0
DA:303,1
DA:304,0
DA:305,0
DA:307,0
DA:310,1
DA:311,11
DA:312,0
DA:314,11
DA:317,1
DA:318,0
DA:321,1
DA:322,0
DA:323,0
DA:325,0
DA:328,1
DA:329,11
DA:332,1
DA:333,0
DA:336,1
DA:337,0
DA:340,1
DA:341,0
DA:344,1
DA:345,0
DA:346,0
DA:350,1
DA:351,0
DA:354,1
DA:355,0
DA:358,1
DA:359,0
DA:360,0
DA:363,1
DA:364,0
DA:367,1
DA:369,1
DA:374,1
DA:375,0
DA:377,0
DA:378,0
DA:379,0
DA:380,0
DA:381,0
DA:382,0
DA:383,0
DA:385,0
DA:386,0
DA:387,0
DA:389,0
DA:390,0
DA:392,0
DA:394,0
DA:395,0
DA:397,0
DA:400,1
DA:401,0
DA:402,0
DA:403,0
DA:406,1
DA:407,0
DA:408,0
DA:409,0
DA:410,0
DA:413,0
DA:416,1
DA:420,1
DA:421,0
DA:422,0
DA:424,0
DA:426,0
DA:427,0
DA:429,0
DA:443,0
DA:446,0
DA:447,0
DA:449,0
DA:452,0
DA:453,0
DA:455,0
DA:456,0
DA:458,0
DA:461,0
DA:462,0
DA:469,0
DA:470,0
DA:472,0
DA:478,0
DA:480,0
DA:481,0
DA:483,0
DA:497,0
DA:499,0
DA:502,0
DA:510,0
DA:511,0
DA:513,0
DA:518,0
DA:519,0
DA:521,0
DA:524,1
DA:525,0
DA:526,0
DA:528,0
DA:531,1
DA:532,0
DA:533,0
DA:535,0
DA:538,1
DA:540,1
DA:541,0
DA:542,0
DA:543,0
DA:545,0
DA:546,0
DA:549,1
DA:550,0
DA:553,1
DA:554,0
DA:555,0
DA:556,0
DA:560,1
LF:307
LH:122
BRDA:19,0,0,0
BRDA:19,0,1,0
BRDA:19,0,2,0
BRDA:19,0,3,5
BRDA:19,0,4,0
BRDA:34,1,0,5
BRDA:34,1,1,5
BRDA:34,1,2,0
BRDA:41,2,0,4
BRDA:41,2,1,0
BRDA:45,3,0,0
BRDA:45,3,1,0
BRDA:52,4,0,0
BRDA:52,4,1,3
BRDA:60,5,0,3
BRDA:60,5,1,0
BRDA:67,6,0,0
BRDA:67,6,1,0
BRDA:72,7,0,0
BRDA:72,7,1,0
BRDA:85,8,0,0
BRDA:85,8,1,0
BRDA:91,9,0,0
BRDA:91,9,1,0
BRDA:129,10,0,0
BRDA:129,10,1,0
BRDA:136,11,0,54
BRDA:136,11,1,0
BRDA:139,12,0,0
BRDA:139,12,1,0
BRDA:148,13,0,0
BRDA:148,13,1,124
BRDA:155,14,0,76
BRDA:155,14,1,48
BRDA:161,15,0,29
BRDA:161,15,1,95
BRDA:163,16,0,0
BRDA:163,16,1,29
BRDA:170,17,0,0
BRDA:170,17,1,95
BRDA:172,18,0,0
BRDA:172,18,1,0
BRDA:176,19,0,0
BRDA:176,19,1,95
BRDA:183,20,0,0
BRDA:183,20,1,95
BRDA:185,21,0,0
BRDA:185,21,1,0
BRDA:191,22,0,41
BRDA:191,22,1,54
BRDA:194,23,0,30
BRDA:194,23,1,65
BRDA:201,24,0,0
BRDA:201,24,1,1
BRDA:206,25,0,1
BRDA:206,25,1,0
BRDA:207,26,0,0
BRDA:207,26,1,1
BRDA:220,27,0,0
BRDA:220,27,1,0
BRDA:222,28,0,0
BRDA:222,28,1,0
BRDA:226,29,0,0
BRDA:226,29,1,0
BRDA:233,30,0,0
BRDA:233,30,1,0
BRDA:238,31,0,0
BRDA:238,31,1,0
BRDA:246,32,0,1
BRDA:246,32,1,0
BRDA:253,33,0,0
BRDA:253,33,1,0
BRDA:259,34,0,0
BRDA:259,34,1,0
BRDA:266,35,0,0
BRDA:266,35,1,18
BRDA:273,36,0,0
BRDA:273,36,1,17
BRDA:273,37,0,17
BRDA:273,37,1,17
BRDA:276,38,0,0
BRDA:276,38,1,17
BRDA:283,39,0,0
BRDA:283,39,1,0
BRDA:290,40,0,0
BRDA:290,40,1,2
BRDA:297,41,0,0
BRDA:297,41,1,0
BRDA:304,42,0,0
BRDA:304,42,1,0
BRDA:311,43,0,0
BRDA:311,43,1,11
BRDA:322,44,0,0
BRDA:322,44,1,0
BRDA:345,45,0,0
BRDA:345,45,1,0
BRDA:377,46,0,0
BRDA:377,46,1,0
BRDA:378,47,0,0
BRDA:378,47,1,0
BRDA:389,48,0,0
BRDA:389,48,1,0
BRDA:394,49,0,0
BRDA:394,49,1,0
BRDA:395,50,0,0
BRDA:395,50,1,0
BRDA:422,51,0,0
BRDA:422,51,1,0
BRDA:424,52,0,0
BRDA:424,52,1,0
BRDA:426,53,0,0
BRDA:426,53,1,0
BRDA:443,54,0,0
BRDA:443,54,1,0
BRDA:446,55,0,0
BRDA:446,55,1,0
BRDA:452,56,0,0
BRDA:452,56,1,0
BRDA:455,57,0,0
BRDA:455,57,1,0
BRDA:478,58,0,0
BRDA:478,58,1,0
BRDA:480,59,0,0
BRDA:480,59,1,0
BRDA:497,60,0,0
BRDA:497,60,1,0
BRDA:502,61,0,0
BRDA:502,61,1,0
BRDA:502,61,2,0
BRDA:518,62,0,0
BRDA:518,62,1,0
BRDA:525,63,0,0
BRDA:525,63,1,0
BRDA:532,64,0,0
BRDA:532,64,1,0
BRF:135
BRH:31
end_of_record
TN:
SF:/home/pouya/Projects/clio/internals/import.js
FN:9,write_file
FN:13,clio_require
FN:28,(anonymous_2)
FN:39,do_import
FN:69,(anonymous_4)
FN:72,clio_import
FN:90,(anonymous_6)
FNF:7
FNH:1
FNDA:0,write_file
FNDA:0,clio_require
FNDA:0,(anonymous_2)
FNDA:0,do_import
FNDA:0,(anonymous_4)
FNDA:1,clio_import
FNDA:0,(anonymous_6)
DA:1,1
DA:2,1
DA:3,1
DA:4,1
DA:5,1
DA:6,1
DA:7,1
DA:10,0
DA:18,0
DA:19,0
DA:20,0
DA:21,0
DA:22,0
DA:24,0
DA:25,0
DA:27,0
DA:28,0
DA:29,0
DA:34,0
DA:37,1
DA:40,0
DA:41,0
DA:42,0
DA:43,0
DA:45,0
DA:46,0
DA:47,0
DA:49,0
DA:51,0
DA:52,0
DA:53,0
DA:55,0
DA:56,0
DA:57,0
DA:59,0
DA:60,0
DA:61,0
DA:62,0
DA:63,0
DA:64,0
DA:67,0
DA:68,0
DA:69,0
DA:73,1
DA:74,1
DA:75,1
DA:77,1
DA:78,1
DA:79,1
DA:80,1
DA:81,1
DA:82,0
DA:84,1
DA:85,1
DA:86,1
DA:87,1
DA:88,1
DA:89,1
DA:90,1
DA:93,0
DA:94,0
DA:96,0
DA:100,1
LF:63
LH:24
BRDA:20,0,0,0
BRDA:20,0,1,0
BRDA:22,1,0,0
BRDA:22,1,1,0
BRDA:42,2,0,0
BRDA:42,2,1,0
BRDA:55,3,0,0
BRDA:55,3,1,0
BRDA:63,4,0,0
BRDA:63,4,1,0
BRDA:73,5,0,1
BRDA:73,5,1,0
BRDA:81,6,0,0
BRDA:81,6,1,1
BRDA:84,7,0,1
BRDA:84,7,1,0
BRDA:87,8,0,1
BRDA:87,8,1,0
BRF:18
BRH:4
end_of_record
TN:
SF:/home/pouya/Projects/clio/internals/json.js
FN:3,jsonReplacer
FN:8,(anonymous_1)
FN:15,jsonReviver
FN:20,(anonymous_3)
FNF:4
FNH:0
FNDA:0,jsonReplacer
FNDA:0,(anonymous_1)
FNDA:0,jsonReviver
FNDA:0,(anonymous_3)
DA:1,1
DA:4,0
DA:5,0
DA:7,0
DA:8,0
DA:9,0
DA:12,0
DA:16,0
DA:17,0
DA:19,0
DA:20,0
DA:21,0
DA:24,0
DA:27,1
DA:28,1
LF:15
LH:3
BRDA:4,0,0,0
BRDA:4,0,1,0
BRDA:7,1,0,0
BRDA:7,1,1,0
BRDA:16,2,0,0
BRDA:16,2,1,0
BRDA:19,3,0,0
BRDA:19,3,1,0
BRF:8
BRH:0
end_of_record
TN:
SF:/home/pouya/Projects/clio/internals/lazy.js
FN:8,stringify
FN:19,serialize
FN:23,memoize
FN:25,(anonymous_3)
FN:61,lazy
FN:65,(anonymous_5)
FN:73,(anonymous_6)
FN:77,(anonymous_7)
FN:79,(anonymous_8)
FN:80,(anonymous_9)
FN:81,(anonymous_10)
FN:96,(anonymous_11)
FN:99,(anonymous_12)
FN:101,(anonymous_13)
FN:102,(anonymous_14)
FN:108,process_args
FN:120,(anonymous_16)
FN:131,value_helper
FN:156,(anonymous_18)
FN:170,has_lazy_args
FN:179,value_of
FN:211,value
FNF:22
FNH:13
FNDA:45,stringify
FNDA:22,serialize
FNDA:3,memoize
FNDA:22,(anonymous_3)
FNDA:25,lazy
FNDA:158,(anonymous_5)
FNDA:158,(anonymous_6)
FNDA:65,(anonymous_7)
FNDA:0,(anonymous_8)
FNDA:0,(anonymous_9)
FNDA:0,(anonymous_10)
FNDA:0,(anonymous_11)
FNDA:0,(anonymous_12)
FNDA:0,(anonymous_13)
FNDA:0,(anonymous_14)
FNDA:65,process_args
FNDA:0,(anonymous_16)
FNDA:65,value_helper
FNDA:0,(anonymous_18)
FNDA:119,has_lazy_args
FNDA:570,value_of
FNDA:635,value
DA:3,1
DA:4,1
DA:6,1
DA:9,45
DA:10,22
DA:12,45
DA:13,0
DA:14,0
DA:16,45
DA:20,22
DA:24,3
DA:25,3
DA:26,22
DA:30,22
DA:31,22
DA:32,22
DA:33,8
DA:35,14
DA:36,14
DA:37,14
DA:62,25
DA:63,3
DA:65,25
DA:66,158
DA:68,25
DA:69,25
DA:74,158
DA:75,158
DA:78,65
DA:79,65
DA:80,65
DA:81,65
DA:82,65
DA:83,24
DA:84,19
DA:90,5
DA:91,5
DA:94,65
DA:97,0
DA:98,0
DA:99,0
DA:101,0
DA:102,0
DA:109,65
DA:110,65
DA:111,65
DA:112,103
DA:113,103
DA:115,0
DA:116,0
DA:117,0
DA:119,103
DA:120,0
DA:121,0
DA:122,0
DA:123,0
DA:128,65
DA:132,65
DA:133,65
DA:134,65
DA:135,65
DA:136,65
DA:137,65
DA:138,0
DA:141,65
DA:143,65
DA:144,65
DA:145,65
DA:146,65
DA:147,103
DA:148,0
DA:149,0
DA:150,0
DA:151,0
DA:152,0
DA:155,65
DA:156,65
DA:157,65
DA:161,65
DA:163,0
DA:164,0
DA:165,0
DA:171,119
DA:172,175
DA:173,54
DA:176,65
DA:180,570
DA:181,570
DA:182,570
DA:183,570
DA:184,570
DA:185,689
DA:186,0
DA:188,689
DA:189,570
DA:191,119
DA:192,119
DA:193,119
DA:194,54
DA:195,54
DA:196,54
DA:198,65
DA:199,65
DA:200,36
DA:201,36
DA:202,36
DA:203,36
DA:205,29
DA:213,635
DA:214,0
DA:216,635
DA:217,65
DA:219,570
DA:220,570
DA:221,0
DA:223,570
DA:224,152
DA:226,418
DA:227,3
DA:229,415
DA:230,0
DA:235,415
DA:238,1
DA:239,1
DA:240,1
LF:125
LH:98
BRDA:9,0,0,22
BRDA:9,0,1,23
BRDA:12,1,0,0
BRDA:12,1,1,45
BRDA:13,2,0,0
BRDA:13,2,1,0
BRDA:32,3,0,8
BRDA:32,3,1,14
BRDA:62,4,0,3
BRDA:62,4,1,22
BRDA:82,5,0,24
BRDA:82,5,1,41
BRDA:83,6,0,19
BRDA:83,6,1,5
BRDA:98,7,0,0
BRDA:98,7,1,0
BRDA:110,8,0,65
BRDA:110,8,1,0
BRDA:113,9,0,0
BRDA:113,9,1,103
BRDA:119,10,0,0
BRDA:119,10,1,103
BRDA:122,11,0,0
BRDA:122,11,1,0
BRDA:147,12,0,0
BRDA:147,12,1,103
BRDA:155,13,0,65
BRDA:155,13,1,0
BRDA:157,14,0,65
BRDA:157,14,1,0
BRDA:172,15,0,54
BRDA:172,15,1,121
BRDA:185,16,0,0
BRDA:185,16,1,689
BRDA:188,17,0,570
BRDA:188,17,1,119
BRDA:193,18,0,54
BRDA:193,18,1,65
BRDA:199,19,0,36
BRDA:199,19,1,29
BRDA:213,20,0,0
BRDA:213,20,1,635
BRDA:216,21,0,65
BRDA:216,21,1,570
BRDA:220,22,0,0
BRDA:220,22,1,570
BRDA:223,23,0,152
BRDA:223,23,1,418
BRDA:226,24,0,3
BRDA:226,24,1,415
BRDA:229,25,0,0
BRDA:229,25,1,415
BRF:52
BRH:35
end_of_record
TN:
SF:/home/pouya/Projects/clio/internals/md5.js
FN:4,(anonymous_0)
FN:6,(anonymous_1)
FN:87,(anonymous_2)
FN:92,(anonymous_3)
FN:96,(anonymous_4)
FN:100,(anonymous_5)
FN:104,(anonymous_6)
FN:108,(anonymous_7)
FN:145,(anonymous_8)
FN:156,(anonymous_9)
FN:164,(anonymous_10)
FN:170,(anonymous_11)
FN:180,(anonymous_12)
FN:185,(anonymous_13)
FNF:14
FNH:12
FNDA:1,(anonymous_0)
FNDA:23,(anonymous_1)
FNDA:1472,(anonymous_2)
FNDA:368,(anonymous_3)
FNDA:368,(anonymous_4)
FNDA:368,(anonymous_5)
FNDA:368,(anonymous_6)
FNDA:23,(anonymous_7)
FNDA:0,(anonymous_8)
FNDA:92,(anonymous_9)
FNDA:23,(anonymous_10)
FNDA:23,(anonymous_11)
FNDA:5980,(anonymous_12)
FNDA:0,(anonymous_13)
DA:4,1
DA:6,1
DA:7,23
DA:8,23
DA:9,23
DA:10,23
DA:12,23
DA:13,23
DA:14,23
DA:15,23
DA:16,23
DA:17,23
DA:18,23
DA:19,23
DA:20,23
DA:21,23
DA:22,23
DA:23,23
DA:24,23
DA:25,23
DA:26,23
DA:27,23
DA:29,23
DA:30,23
DA:31,23
DA:32,23
DA:33,23
DA:34,23
DA:35,23
DA:36,23
DA:37,23
DA:38,23
DA:39,23
DA:40,23
DA:41,23
DA:42,23
DA:43,23
DA:44,23
DA:46,23
DA:47,23
DA:48,23
DA:49,23
DA:50,23
DA:51,23
DA:52,23
DA:53,23
DA:54,23
DA:55,23
DA:56,23
DA:57,23
DA:58,23
DA:59,23
DA:60,23
DA:61,23
DA:63,23
DA:64,23
DA:65,23
DA:66,23
DA:67,23
DA:68,23
DA:69,23
DA:70,23
DA:71,23
DA:72,23
DA:73,23
DA:74,23
DA:75,23
DA:76,23
DA:77,23
DA:78,23
DA:80,23
DA:81,23
DA:82,23
DA:83,23
DA:87,1
DA:88,1472
DA:89,1472
DA:92,1
DA:93,368
DA:96,1
DA:97,368
DA:100,1
DA:101,368
DA:104,1
DA:105,368
DA:108,1
DA:109,23
DA:110,23
DA:111,23
DA:113,23
DA:114,0
DA:116,23
DA:117,23
DA:118,23
DA:119,31
DA:120,23
DA:121,23
DA:122,0
DA:123,0
DA:125,23
DA:126,23
DA:127,23
DA:145,1
DA:146,0
DA:148,0
DA:149,0
DA:151,0
DA:154,1
DA:156,1
DA:157,92
DA:158,92
DA:159,92
DA:160,368
DA:161,92
DA:164,1
DA:165,23
DA:166,92
DA:167,23
DA:170,1
DA:171,23
DA:180,1
DA:181,5980
DA:184,1
DA:185,0
DA:186,0
DA:187,0
DA:188,0
DA:191,1
LF:128
LH:117
BRDA:121,0,0,0
BRDA:121,0,1,23
BRDA:184,1,0,0
BRDA:184,1,1,1
BRF:4
BRH:2
end_of_record
TN:
SF:/home/pouya/Projects/clio/internals/types.js
FN:6,(anonymous_0)
FN:12,(anonymous_1)
FN:18,(anonymous_2)
FN:23,(anonymous_3)
FN:33,(anonymous_4)
FN:39,(anonymous_5)
FN:43,(anonymous_6)
FN:46,(anonymous_7)
FN:49,(anonymous_8)
FN:61,(anonymous_9)
FN:71,(anonymous_10)
FN:76,(anonymous_11)
FN:79,(anonymous_12)
FN:82,(anonymous_13)
FN:86,(anonymous_14)
FN:86,(anonymous_15)
FN:89,(anonymous_16)
FN:91,(anonymous_17)
FN:95,(anonymous_18)
FN:98,(anonymous_19)
FN:99,(anonymous_20)
FN:104,(anonymous_21)
FN:106,(anonymous_22)
FN:111,(anonymous_23)
FNF:24
FNH:6
FNDA:0,(anonymous_0)
FNDA:0,(anonymous_1)
FNDA:0,(anonymous_2)
FNDA:0,(anonymous_3)
FNDA:0,(anonymous_4)
FNDA:0,(anonymous_5)
FNDA:0,(anonymous_6)
FNDA:0,(anonymous_7)
FNDA:0,(anonymous_8)
FNDA:0,(anonymous_9)
FNDA:2,(anonymous_10)
FNDA:102,(anonymous_11)
FNDA:102,(anonymous_12)
FNDA:1,(anonymous_13)
FNDA:0,(anonymous_14)
FNDA:0,(anonymous_15)
FNDA:0,(anonymous_16)
FNDA:0,(anonymous_17)
FNDA:1,(anonymous_18)
FNDA:0,(anonymous_19)
FNDA:0,(anonymous_20)
FNDA:1,(anonymous_21)
FNDA:0,(anonymous_22)
FNDA:0,(anonymous_23)
DA:1,1
DA:3,1
DA:7,0
DA:13,0
DA:19,0
DA:20,0
DA:21,0
DA:24,0
DA:25,0
DA:26,0
DA:28,0
DA:34,0
DA:35,0
DA:36,0
DA:37,0
DA:40,0
DA:41,0
DA:44,0
DA:47,0
DA:50,0
DA:51,0
DA:52,0
DA:53,0
DA:56,0
DA:57,0
DA:62,0
DA:66,0
DA:72,2
DA:73,2
DA:74,2
DA:77,102
DA:80,102
DA:83,1
DA:84,0
DA:85,0
DA:86,0
DA:88,0
DA:89,0
DA:91,0
DA:94,1
DA:95,1
DA:96,1
DA:97,1
DA:98,101
DA:99,101
DA:100,101
DA:101,101
DA:103,1
DA:104,1
DA:106,0
DA:112,0
DA:116,1
DA:117,1
DA:118,1
DA:119,1
DA:120,1
LF:56
LH:23
BRDA:25,0,0,0
BRDA:25,0,1,0
BRDA:37,1,0,0
BRDA:37,1,1,0
BRDA:50,2,0,0
BRDA:50,2,1,0
BRDA:80,3,0,102
BRDA:80,3,1,0
BRDA:83,4,0,0
BRDA:83,4,1,1
BRF:10
BRH:2
end_of_record
TN:
SF:/home/pouya/Projects/clio/lexer/lexer.js
FN:4,lexer
FNF:1
FNH:0
FNDA:0,lexer
DA:1,1
DA:2,1
DA:5,0
DA:7,0
DA:8,0
DA:9,0
DA:10,0
DA:11,0
DA:12,0
DA:13,0
DA:14,0
DA:15,0
DA:16,0
DA:17,0
DA:18,0
DA:20,0
DA:21,0
DA:26,0
DA:28,0
DA:29,0
DA:30,0
DA:32,0
DA:34,0
DA:35,0
DA:36,0
DA:37,0
DA:38,0
DA:43,0
DA:48,0
DA:51,0
DA:58,0
DA:59,0
DA:60,0
DA:61,0
DA:62,0
DA:63,0
DA:68,0
DA:70,0
DA:71,0
DA:72,0
DA:73,0
DA:74,0
DA:75,0
DA:81,0
DA:86,0
DA:89,0
DA:95,0
DA:96,0
DA:97,0
DA:101,0
DA:103,0
DA:104,0
DA:107,0
DA:112,0
DA:115,1
LF:55
LH:3
BRDA:12,0,0,0
BRDA:12,0,1,0
BRDA:15,1,0,0
BRDA:15,1,1,0
BRDA:17,2,0,0
BRDA:17,2,1,0
BRDA:20,3,0,0
BRDA:20,3,1,0
BRDA:20,4,0,0
BRDA:20,4,1,0
BRDA:26,5,0,0
BRDA:26,5,1,0
BRDA:29,6,0,0
BRDA:29,6,1,0
BRDA:34,7,0,0
BRDA:34,7,1,0
BRDA:58,8,0,0
BRDA:58,8,1,0
BRDA:60,9,0,0
BRDA:60,9,1,0
BRDA:61,10,0,0
BRDA:61,10,1,0
BRDA:62,11,0,0
BRDA:62,11,1,0
BRDA:70,12,0,0
BRDA:70,12,1,0
BRDA:74,13,0,0
BRDA:74,13,1,0
BRDA:101,14,0,0
BRDA:101,14,1,0
BRF:30
BRH:0
end_of_record
TN:
SF:/home/pouya/Projects/clio/parser/helpers.js
FN:2,(anonymous_0)
FN:5,(anonymous_1)
FN:24,(anonymous_2)
FN:52,(anonymous_3)
FN:139,(anonymous_4)
FN:162,(anonymous_5)
FN:176,(anonymous_6)
FNF:7
FNH:0
FNDA:0,(anonymous_0)
FNDA:0,(anonymous_1)
FNDA:0,(anonymous_2)
FNDA:0,(anonymous_3)
FNDA:0,(anonymous_4)
FNDA:0,(anonymous_5)
FNDA:0,(anonymous_6)
DA:1,1
DA:3,0
DA:6,0
DA:7,0
DA:9,0
DA:11,0
DA:12,0
DA:13,0
DA:14,0
DA:15,0
DA:16,0
DA:19,0
DA:20,0
DA:22,0
DA:25,0
DA:26,0
DA:27,0
DA:29,0
DA:31,0
DA:32,0
DA:33,0
DA:34,0
DA:37,0
DA:38,0
DA:41,0
DA:42,0
DA:43,0
DA:44,0
DA:45,0
DA:47,0
DA:48,0
DA:50,0
DA:53,0
DA:54,0
DA:55,0
DA:56,0
DA:57,0
DA:60,0
DA:61,0
DA:62,0
DA:63,0
DA:65,0
DA:66,0
DA:69,0
DA:70,0
DA:71,0
DA:72,0
DA:74,0
DA:75,0
DA:78,0
DA:79,0
DA:80,0
DA:81,0
DA:83,0
DA:84,0
DA:87,0
DA:88,0
DA:89,0
DA:90,0
DA:91,0
DA:92,0
DA:94,0
DA:95,0
DA:96,0
DA:98,0
DA:99,0
DA:101,0
DA:102,0
DA:104,0
DA:107,0
DA:108,0
DA:109,0
DA:110,0
DA:111,0
DA:112,0
DA:115,0
DA:116,0
DA:117,0
DA:118,0
DA:119,0
DA:123,0
DA:124,0
DA:125,0
DA:126,0
DA:129,0
DA:130,0
DA:137,0
DA:140,0
DA:141,0
DA:142,0
DA:143,0
DA:144,0
DA:145,0
DA:146,0
DA:147,0
DA:148,0
DA:149,0
DA:150,0
DA:151,0
DA:153,0
DA:154,0
DA:156,0
DA:158,0
DA:163,0
DA:164,0
DA:170,0
DA:175,0
DA:176,0
DA:177,0
DA:178,0
DA:180,0
DA:181,0
DA:183,0
DA:185,0
DA:191,0
DA:192,0
DA:193,0
DA:194,0
DA:195,0
DA:199,1
LF:120
LH:2
BRDA:6,0,0,0
BRDA:6,0,1,0
BRDA:15,1,0,0
BRDA:15,1,1,0
BRDA:19,2,0,0
BRDA:19,2,1,0
BRDA:26,3,0,0
BRDA:26,3,1,0
BRDA:33,4,0,0
BRDA:33,4,1,0
BRDA:37,5,0,0
BRDA:37,5,1,0
BRDA:44,6,0,0
BRDA:44,6,1,0
BRDA:47,7,0,0
BRDA:47,7,1,0
BRDA:54,8,0,0
BRDA:54,8,1,0
BRDA:56,9,0,0
BRDA:56,9,1,0
BRDA:60,10,0,0
BRDA:60,10,1,0
BRDA:62,11,0,0
BRDA:62,11,1,0
BRDA:65,12,0,0
BRDA:65,12,1,0
BRDA:65,13,0,0
BRDA:65,13,1,0
BRDA:69,14,0,0
BRDA:69,14,1,0
BRDA:71,15,0,0
BRDA:71,15,1,0
BRDA:74,16,0,0
BRDA:74,16,1,0
BRDA:74,17,0,0
BRDA:74,17,1,0
BRDA:78,18,0,0
BRDA:78,18,1,0
BRDA:80,19,0,0
BRDA:80,19,1,0
BRDA:83,20,0,0
BRDA:83,20,1,0
BRDA:83,21,0,0
BRDA:83,21,1,0
BRDA:87,22,0,0
BRDA:87,22,1,0
BRDA:91,23,0,0
BRDA:91,23,1,0
BRDA:91,24,0,0
BRDA:91,24,1,0
BRDA:94,25,0,0
BRDA:94,25,1,0
BRDA:94,26,0,0
BRDA:94,26,1,0
BRDA:98,27,0,0
BRDA:98,27,1,0
BRDA:101,28,0,0
BRDA:101,28,1,0
BRDA:101,29,0,0
BRDA:101,29,1,0
BRDA:107,30,0,0
BRDA:107,30,1,0
BRDA:108,31,0,0
BRDA:108,31,1,0
BRDA:110,32,0,0
BRDA:110,32,1,0
BRDA:111,33,0,0
BRDA:111,33,1,0
BRDA:115,34,0,0
BRDA:115,34,1,0
BRDA:117,35,0,0
BRDA:117,35,1,0
BRDA:118,36,0,0
BRDA:118,36,1,0
BRDA:124,37,0,0
BRDA:124,37,1,0
BRDA:129,38,0,0
BRDA:129,38,1,0
BRDA:144,39,0,0
BRDA:144,39,1,0
BRDA:146,40,0,0
BRDA:146,40,1,0
BRDA:149,41,0,0
BRDA:149,41,1,0
BRDA:149,42,0,0
BRDA:149,42,1,0
BRDA:150,43,0,0
BRDA:150,43,1,0
BRDA:153,44,0,0
BRDA:153,44,1,0
BRDA:163,45,0,0
BRDA:163,45,1,0
BRDA:177,46,0,0
BRDA:177,46,1,0
BRDA:177,47,0,0
BRDA:177,47,1,0
BRDA:180,48,0,0
BRDA:180,48,1,0
BRF:98
BRH:0
end_of_record
TN:
SF:/home/pouya/Projects/clio/parser/parser.js
FN:5,parser
FN:69,(anonymous_1)
FNF:2
FNH:0
FNDA:0,parser
FNDA:0,(anonymous_1)
DA:1,1
DA:2,1
DA:3,1
DA:6,0
DA:7,0
DA:9,0
DA:12,0
DA:13,0
DA:14,0
DA:15,0
DA:16,0
DA:17,0
DA:18,0
DA:19,0
DA:20,0
DA:21,0
DA:22,0
DA:23,0
DA:24,0
DA:26,0
DA:27,0
DA:28,0
DA:29,0
DA:30,0
DA:32,0
DA:33,0
DA:35,0
DA:37,0
DA:38,0
DA:39,0
DA:42,0
DA:44,0
DA:45,0
DA:46,0
DA:47,0
DA:49,0
DA:61,0
DA:62,0
DA:64,0
DA:65,0
DA:68,0
DA:69,0
DA:70,0
DA:73,0
DA:76,1
LF:45
LH:4
BRDA:6,0,0,0
BRDA:6,0,1,0
BRDA:22,1,0,0
BRDA:22,1,1,0
BRDA:26,2,0,0
BRDA:26,2,1,0
BRDA:32,3,0,0
BRDA:32,3,1,0
BRDA:37,4,0,0
BRDA:37,4,1,0
BRDA:38,5,0,0
BRDA:38,5,1,0
BRDA:46,6,0,0
BRDA:46,6,1,0
BRDA:47,7,0,0
BRDA:47,7,1,0
BRDA:68,8,0,0
BRDA:68,8,1,0
BRF:18
BRH:0
end_of_record
TN:
SF:/home/pouya/Projects/clio/syntax/lexing.js
FNF:0
FNH:0
DA:1,1
DA:61,1
LF:2
LH:2
BRF:0
BRH:0
end_of_record
TN:
SF:/home/pouya/Projects/clio/syntax/parsing.js
FN:4,(anonymous_0)
FN:7,(anonymous_1)
FN:10,(anonymous_2)
FN:13,(anonymous_3)
FN:16,(anonymous_4)
FN:19,(anonymous_5)
FN:22,(anonymous_6)
FN:25,(anonymous_7)
FN:28,(anonymous_8)
FN:35,(anonymous_9)
FN:43,(anonymous_10)
FN:49,(anonymous_11)
FN:64,(anonymous_12)
FN:70,(anonymous_13)
FN:77,(anonymous_14)
FN:86,(anonymous_15)
FN:93,(anonymous_16)
FN:102,(anonymous_17)
FN:109,(anonymous_18)
FN:116,(anonymous_19)
FN:125,(anonymous_20)
FN:132,(anonymous_21)
FN:141,(anonymous_22)
FN:150,(anonymous_23)
FN:159,(anonymous_24)
FN:162,(anonymous_25)
FN:171,(anonymous_26)
FN:216,(anonymous_27)
FN:227,(anonymous_28)
FN:233,(anonymous_29)
FN:240,(anonymous_30)
FN:246,(anonymous_31)
FN:261,(anonymous_32)
FN:274,(anonymous_33)
FN:290,(anonymous_34)
FN:304,(anonymous_35)
FN:312,(anonymous_36)
FN:324,(anonymous_37)
FN:341,(anonymous_38)
FN:356,(anonymous_39)
FN:375,(anonymous_40)
FN:387,(anonymous_41)
FN:394,(anonymous_42)
FN:401,(anonymous_43)
FN:408,(anonymous_44)
FN:454,(anonymous_45)
FN:478,(anonymous_46)
FN:489,(anonymous_47)
FN:497,(anonymous_48)
FN:509,(anonymous_49)
FN:521,(anonymous_50)
FN:529,(anonymous_51)
FN:537,(anonymous_52)
FN:545,(anonymous_53)
FN:554,(anonymous_54)
FN:563,(anonymous_55)
FN:574,(anonymous_56)
FN:585,(anonymous_57)
FN:596,(anonymous_58)
FN:605,(anonymous_59)
FN:626,(anonymous_60)
FN:635,(anonymous_61)
FN:642,(anonymous_62)
FN:649,(anonymous_63)
FN:658,(anonymous_64)
FN:667,(anonymous_65)
FNF:66
FNH:0
FNDA:0,(anonymous_0)
FNDA:0,(anonymous_1)
FNDA:0,(anonymous_2)
FNDA:0,(anonymous_3)
FNDA:0,(anonymous_4)
FNDA:0,(anonymous_5)
FNDA:0,(anonymous_6)
FNDA:0,(anonymous_7)
FNDA:0,(anonymous_8)
FNDA:0,(anonymous_9)
FNDA:0,(anonymous_10)
FNDA:0,(anonymous_11)
FNDA:0,(anonymous_12)
FNDA:0,(anonymous_13)
FNDA:0,(anonymous_14)
FNDA:0,(anonymous_15)
FNDA:0,(anonymous_16)
FNDA:0,(anonymous_17)
FNDA:0,(anonymous_18)
FNDA:0,(anonymous_19)
FNDA:0,(anonymous_20)
FNDA:0,(anonymous_21)
FNDA:0,(anonymous_22)
FNDA:0,(anonymous_23)
FNDA:0,(anonymous_24)
FNDA:0,(anonymous_25)
FNDA:0,(anonymous_26)
FNDA:0,(anonymous_27)
FNDA:0,(anonymous_28)
FNDA:0,(anonymous_29)
FNDA:0,(anonymous_30)
FNDA:0,(anonymous_31)
FNDA:0,(anonymous_32)
FNDA:0,(anonymous_33)
FNDA:0,(anonymous_34)
FNDA:0,(anonymous_35)
FNDA:0,(anonymous_36)
FNDA:0,(anonymous_37)
FNDA:0,(anonymous_38)
FNDA:0,(anonymous_39)
FNDA:0,(anonymous_40)
FNDA:0,(anonymous_41)
FNDA:0,(anonymous_42)
FNDA:0,(anonymous_43)
FNDA:0,(anonymous_44)
FNDA:0,(anonymous_45)
FNDA:0,(anonymous_46)
FNDA:0,(anonymous_47)
FNDA:0,(anonymous_48)
FNDA:0,(anonymous_49)
FNDA:0,(anonymous_50)
FNDA:0,(anonymous_51)
FNDA:0,(anonymous_52)
FNDA:0,(anonymous_53)
FNDA:0,(anonymous_54)
FNDA:0,(anonymous_55)
FNDA:0,(anonymous_56)
FNDA:0,(anonymous_57)
FNDA:0,(anonymous_58)
FNDA:0,(anonymous_59)
FNDA:0,(anonymous_60)
FNDA:0,(anonymous_61)
FNDA:0,(anonymous_62)
FNDA:0,(anonymous_63)
FNDA:0,(anonymous_64)
FNDA:0,(anonymous_65)
DA:1,1
DA:3,1
DA:5,0
DA:8,0
DA:11,0
DA:14,0
DA:17,0
DA:20,0
DA:23,0
DA:26,0
DA:29,0
DA:36,0
DA:44,0
DA:50,0
DA:65,0
DA:71,0
DA:78,0
DA:87,0
DA:94,0
DA:103,0
DA:110,0
DA:117,0
DA:126,0
DA:133,0
DA:142,0
DA:151,0
DA:160,0
DA:163,0
DA:172,0
DA:217,0
DA:228,0
DA:234,0
DA:241,0
DA:247,0
DA:262,0
DA:275,0
DA:291,0
DA:305,0
DA:313,0
DA:325,0
DA:342,0
DA:357,0
DA:376,0
DA:388,0
DA:395,0
DA:402,0
DA:409,0
DA:455,0
DA:479,0
DA:490,0
DA:498,0
DA:510,0
DA:522,0
DA:530,0
DA:538,0
DA:546,0
DA:555,0
DA:564,0
DA:575,0
DA:586,0
DA:597,0
DA:606,0
DA:627,0
DA:636,0
DA:643,0
DA:650,0
DA:659,0
DA:668,0
DA:675,1
DA:677,1
DA:678,1
LF:71
LH:5
BRDA:160,0,0,0
BRDA:160,0,1,0
BRF:2
BRH:0
end_of_record
TN:
SF:/home/pouya/Projects/clio/tests/.clio-cache/test.clio.js
FN:1,(anonymous_0)
FN:2,(anonymous_1)
FN:3,(anonymous_2)
FN:7,(anonymous_3)
FN:23,(anonymous_4)
FN:24,(anonymous_5)
FN:28,(anonymous_6)
FN:47,(anonymous_7)
FN:48,(anonymous_8)
FN:52,(anonymous_9)
FN:106,(anonymous_10)
FN:111,(anonymous_11)
FNF:12
FNH:12
FNDA:1,(anonymous_0)
FNDA:1,(anonymous_1)
FNDA:2,(anonymous_2)
FNDA:2,(anonymous_3)
FNDA:1,(anonymous_4)
FNDA:1,(anonymous_5)
FNDA:2,(anonymous_6)
FNDA:1,(anonymous_7)
FNDA:11,(anonymous_8)
FNDA:11,(anonymous_9)
FNDA:101,(anonymous_10)
FNDA:102,(anonymous_11)
DA:1,1
DA:2,1
DA:3,1
DA:4,2
DA:5,2
DA:6,2
DA:7,2
DA:8,2
DA:10,2
DA:18,1
DA:19,1
DA:20,1
DA:21,1
DA:23,1
DA:24,1
DA:25,1
DA:26,1
DA:27,1
DA:28,1
DA:29,2
DA:31,1
DA:42,1
DA:43,1
DA:44,1
DA:45,1
DA:47,1
DA:48,1
DA:49,11
DA:50,11
DA:51,11
DA:52,11
DA:53,11
DA:55,11
DA:65,2
DA:70,9
DA:100,1
DA:101,1
DA:102,1
DA:103,1
DA:105,1
DA:106,101
DA:111,102
DA:119,1
LF:43
LH:43
BRDA:55,0,0,2
BRDA:55,0,1,9
BRDA:109,1,0,1
BRDA:109,1,1,0
BRF:4
BRH:3
end_of_record
